<?xml version="1.0" encoding="UTF-8"?>
<testsuites tests="2028" failures="0" disabled="24" errors="0" timestamp="2018-11-07T11:11:16" time="495.283" name="AllTests">
  <testsuite name="AnonymousTest" tests="1" failures="0" disabled="0" errors="0" time="0.001">
    <testcase name="Running" status="run" time="0.001" classname="AnonymousTest" />
  </testsuite>
  <testsuite name="AgentAPITest" tests="3" failures="0" disabled="0" errors="0" time="0.288">
    <testcase name="AttachContainerInputFailure" status="run" time="0.146" classname="AgentAPITest" />
    <testcase name="AttachContainerInputValidation" status="run" time="0.053" classname="AgentAPITest" />
    <testcase name="HeaderValidation" status="run" time="0.086" classname="AgentAPITest" />
  </testsuite>
  <testsuite name="AttributesTest" tests="2" failures="0" disabled="0" errors="0" time="0.001">
    <testcase name="Parsing" status="run" time="0.001" classname="AttributesTest" />
    <testcase name="Equality" status="run" time="0" classname="AttributesTest" />
  </testsuite>
  <testsuite name="AuthenticationTest" tests="23" failures="0" disabled="0" errors="0" time="1.426">
    <testcase name="UnauthenticatedFramework" status="run" time="0.03" classname="AuthenticationTest" />
    <testcase name="UnauthenticatedSlave" status="run" time="0.06" classname="AuthenticationTest" />
    <testcase name="DisableFrameworkAuthentication" status="run" time="0.033" classname="AuthenticationTest" />
    <testcase name="DisableSlaveAuthentication" status="run" time="0.104" classname="AuthenticationTest" />
    <testcase name="MismatchedFrameworkInfoPrincipal" status="run" time="0.022" classname="AuthenticationTest" />
    <testcase name="DisabledFrameworkAuthenticationPrincipalMismatch" status="run" time="0.031" classname="AuthenticationTest" />
    <testcase name="UnspecifiedFrameworkInfoPrincipal" status="run" time="0.03" classname="AuthenticationTest" />
    <testcase name="AuthenticatedFramework" status="run" time="0.031" classname="AuthenticationTest" />
    <testcase name="AuthenticatedSlave" status="run" time="0.1" classname="AuthenticationTest" />
    <testcase name="RetryFrameworkAuthentication" status="run" time="0.035" classname="AuthenticationTest" />
    <testcase name="RetrySlaveAuthentication" status="run" time="0.097" classname="AuthenticationTest" />
    <testcase name="SlaveAuthenticationRetryBackoff" status="run" time="0.142" classname="AuthenticationTest" />
    <testcase name="MasterRetriedAuthenticationHandling" status="run" time="0.037" classname="AuthenticationTest" />
    <testcase name="DropIntermediateSASLMessage" status="run" time="0.029" classname="AuthenticationTest" />
    <testcase name="DropIntermediateSASLMessageForSlave" status="run" time="0.107" classname="AuthenticationTest" />
    <testcase name="DropFinalSASLMessage" status="run" time="0.032" classname="AuthenticationTest" />
    <testcase name="DropFinalSASLMessageForSlave" status="run" time="0.105" classname="AuthenticationTest" />
    <testcase name="MasterFailover" status="run" time="0.048" classname="AuthenticationTest" />
    <testcase name="MasterFailoverDuringSlaveAuthentication" status="run" time="0.116" classname="AuthenticationTest" />
    <testcase name="LeaderElection" status="run" time="0.036" classname="AuthenticationTest" />
    <testcase name="LeaderElectionDuringSlaveAuthentication" status="run" time="0.106" classname="AuthenticationTest" />
    <testcase name="SchedulerFailover" status="run" time="0.045" classname="AuthenticationTest" />
    <testcase name="RejectedSchedulerFailover" status="run" time="0.042" classname="AuthenticationTest" />
  </testsuite>
  <testsuite name="AuthorizationTest/0" tests="52" failures="0" disabled="0" errors="0" time="0.239">
    <testcase name="AnyPrincipalRunAsUser" type_param="mesos::internal::tests::Module&lt;mesos::Authorizer, (mesos::internal::tests::ModuleID)8&gt;" status="run" time="0.004" classname="AuthorizationTest/0" />
    <testcase name="NoPrincipalRunAsUser" type_param="mesos::internal::tests::Module&lt;mesos::Authorizer, (mesos::internal::tests::ModuleID)8&gt;" status="run" time="0.002" classname="AuthorizationTest/0" />
    <testcase name="PrincipalRunAsAnyUser" type_param="mesos::internal::tests::Module&lt;mesos::Authorizer, (mesos::internal::tests::ModuleID)8&gt;" status="run" time="0.002" classname="AuthorizationTest/0" />
    <testcase name="AnyPrincipalRunAsAnyUser" type_param="mesos::internal::tests::Module&lt;mesos::Authorizer, (mesos::internal::tests::ModuleID)8&gt;" status="run" time="0.001" classname="AuthorizationTest/0" />
    <testcase name="OnlySomePrincipalsRunAsSomeUsers" type_param="mesos::internal::tests::Module&lt;mesos::Authorizer, (mesos::internal::tests::ModuleID)8&gt;" status="run" time="0.002" classname="AuthorizationTest/0" />
    <testcase name="SomePrincipalOnlySomeUser" type_param="mesos::internal::tests::Module&lt;mesos::Authorizer, (mesos::internal::tests::ModuleID)8&gt;" status="run" time="0.003" classname="AuthorizationTest/0" />
    <testcase name="PrincipalRunAsSomeUserRestrictive" type_param="mesos::internal::tests::Module&lt;mesos::Authorizer, (mesos::internal::tests::ModuleID)8&gt;" status="run" time="0.004" classname="AuthorizationTest/0" />
    <testcase name="AnyPrincipalOfferedRole" type_param="mesos::internal::tests::Module&lt;mesos::Authorizer, (mesos::internal::tests::ModuleID)8&gt;" status="run" time="0.001" classname="AuthorizationTest/0" />
    <testcase name="SomePrincipalsOfferedRole" type_param="mesos::internal::tests::Module&lt;mesos::Authorizer, (mesos::internal::tests::ModuleID)8&gt;" status="run" time="0.003" classname="AuthorizationTest/0" />
    <testcase name="PrincipalOfferedRole" type_param="mesos::internal::tests::Module&lt;mesos::Authorizer, (mesos::internal::tests::ModuleID)8&gt;" status="run" time="0.003" classname="AuthorizationTest/0" />
    <testcase name="PrincipalNotOfferedAnyRoleRestrictive" type_param="mesos::internal::tests::Module&lt;mesos::Authorizer, (mesos::internal::tests::ModuleID)8&gt;" status="run" time="0.004" classname="AuthorizationTest/0" />
    <testcase name="RegisterFrameworkHierarchical" type_param="mesos::internal::tests::Module&lt;mesos::Authorizer, (mesos::internal::tests::ModuleID)8&gt;" status="run" time="0.006" classname="AuthorizationTest/0" />
    <testcase name="Reserve" type_param="mesos::internal::tests::Module&lt;mesos::Authorizer, (mesos::internal::tests::ModuleID)8&gt;" status="run" time="0.012" classname="AuthorizationTest/0" />
    <testcase name="Unreserve" type_param="mesos::internal::tests::Module&lt;mesos::Authorizer, (mesos::internal::tests::ModuleID)8&gt;" status="run" time="0.01" classname="AuthorizationTest/0" />
    <testcase name="CreateVolume" type_param="mesos::internal::tests::Module&lt;mesos::Authorizer, (mesos::internal::tests::ModuleID)8&gt;" status="run" time="0.014" classname="AuthorizationTest/0" />
    <testcase name="DestroyVolume" type_param="mesos::internal::tests::Module&lt;mesos::Authorizer, (mesos::internal::tests::ModuleID)8&gt;" status="run" time="0.01" classname="AuthorizationTest/0" />
    <testcase name="ResizeVolume" type_param="mesos::internal::tests::Module&lt;mesos::Authorizer, (mesos::internal::tests::ModuleID)8&gt;" status="run" time="0.012" classname="AuthorizationTest/0" />
    <testcase name="UpdateQuota" type_param="mesos::internal::tests::Module&lt;mesos::Authorizer, (mesos::internal::tests::ModuleID)8&gt;" status="run" time="0.004" classname="AuthorizationTest/0" />
    <testcase name="ViewFramework" type_param="mesos::internal::tests::Module&lt;mesos::Authorizer, (mesos::internal::tests::ModuleID)8&gt;" status="run" time="0.003" classname="AuthorizationTest/0" />
    <testcase name="ViewContainer" type_param="mesos::internal::tests::Module&lt;mesos::Authorizer, (mesos::internal::tests::ModuleID)8&gt;" status="run" time="0.003" classname="AuthorizationTest/0" />
    <testcase name="ViewTask" type_param="mesos::internal::tests::Module&lt;mesos::Authorizer, (mesos::internal::tests::ModuleID)8&gt;" status="run" time="0.006" classname="AuthorizationTest/0" />
    <testcase name="ViewExecutor" type_param="mesos::internal::tests::Module&lt;mesos::Authorizer, (mesos::internal::tests::ModuleID)8&gt;" status="run" time="0.004" classname="AuthorizationTest/0" />
    <testcase name="SandBoxAccess" type_param="mesos::internal::tests::Module&lt;mesos::Authorizer, (mesos::internal::tests::ModuleID)8&gt;" status="run" time="0.004" classname="AuthorizationTest/0" />
    <testcase name="LaunchNestedContainerSessions" type_param="mesos::internal::tests::Module&lt;mesos::Authorizer, (mesos::internal::tests::ModuleID)8&gt;" status="run" time="0.011" classname="AuthorizationTest/0" />
    <testcase name="AttachContainerInput" type_param="mesos::internal::tests::Module&lt;mesos::Authorizer, (mesos::internal::tests::ModuleID)8&gt;" status="run" time="0.005" classname="AuthorizationTest/0" />
    <testcase name="AttachContainerOutput" type_param="mesos::internal::tests::Module&lt;mesos::Authorizer, (mesos::internal::tests::ModuleID)8&gt;" status="run" time="0.002" classname="AuthorizationTest/0" />
    <testcase name="LaunchNestedContainers" type_param="mesos::internal::tests::Module&lt;mesos::Authorizer, (mesos::internal::tests::ModuleID)8&gt;" status="run" time="0.009" classname="AuthorizationTest/0" />
    <testcase name="WaitNestedContainer" type_param="mesos::internal::tests::Module&lt;mesos::Authorizer, (mesos::internal::tests::ModuleID)8&gt;" status="run" time="0.002" classname="AuthorizationTest/0" />
    <testcase name="KillNestedContainer" type_param="mesos::internal::tests::Module&lt;mesos::Authorizer, (mesos::internal::tests::ModuleID)8&gt;" status="run" time="0.003" classname="AuthorizationTest/0" />
    <testcase name="RemoveNestedContainer" type_param="mesos::internal::tests::Module&lt;mesos::Authorizer, (mesos::internal::tests::ModuleID)8&gt;" status="run" time="0.004" classname="AuthorizationTest/0" />
    <testcase name="OptionalObject" type_param="mesos::internal::tests::Module&lt;mesos::Authorizer, (mesos::internal::tests::ModuleID)8&gt;" status="run" time="0.002" classname="AuthorizationTest/0" />
    <testcase name="ViewFlags" type_param="mesos::internal::tests::Module&lt;mesos::Authorizer, (mesos::internal::tests::ModuleID)8&gt;" status="run" time="0.001" classname="AuthorizationTest/0" />
    <testcase name="ViewResourceProvider" type_param="mesos::internal::tests::Module&lt;mesos::Authorizer, (mesos::internal::tests::ModuleID)8&gt;" status="run" time="0.001" classname="AuthorizationTest/0" />
    <testcase name="SetLogLevel" type_param="mesos::internal::tests::Module&lt;mesos::Authorizer, (mesos::internal::tests::ModuleID)8&gt;" status="run" time="0.002" classname="AuthorizationTest/0" />
    <testcase name="ValidateEndpoints" type_param="mesos::internal::tests::Module&lt;mesos::Authorizer, (mesos::internal::tests::ModuleID)8&gt;" status="run" time="0.001" classname="AuthorizationTest/0" />
    <testcase name="ViewRole" type_param="mesos::internal::tests::Module&lt;mesos::Authorizer, (mesos::internal::tests::ModuleID)8&gt;" status="run" time="0.008" classname="AuthorizationTest/0" />
    <testcase name="UpdateWeight" type_param="mesos::internal::tests::Module&lt;mesos::Authorizer, (mesos::internal::tests::ModuleID)8&gt;" status="run" time="0.009" classname="AuthorizationTest/0" />
    <testcase name="GetQuota" type_param="mesos::internal::tests::Module&lt;mesos::Authorizer, (mesos::internal::tests::ModuleID)8&gt;" status="run" time="0.007" classname="AuthorizationTest/0" />
    <testcase name="RegisterAgent" type_param="mesos::internal::tests::Module&lt;mesos::Authorizer, (mesos::internal::tests::ModuleID)8&gt;" status="run" time="0.003" classname="AuthorizationTest/0" />
    <testcase name="UpdateMaintenanceSchedule" type_param="mesos::internal::tests::Module&lt;mesos::Authorizer, (mesos::internal::tests::ModuleID)8&gt;" status="run" time="0.002" classname="AuthorizationTest/0" />
    <testcase name="GetMaintenanceSchedule" type_param="mesos::internal::tests::Module&lt;mesos::Authorizer, (mesos::internal::tests::ModuleID)8&gt;" status="run" time="0.002" classname="AuthorizationTest/0" />
    <testcase name="StartMaintenance" type_param="mesos::internal::tests::Module&lt;mesos::Authorizer, (mesos::internal::tests::ModuleID)8&gt;" status="run" time="0.002" classname="AuthorizationTest/0" />
    <testcase name="StopMaintenance" type_param="mesos::internal::tests::Module&lt;mesos::Authorizer, (mesos::internal::tests::ModuleID)8&gt;" status="run" time="0.002" classname="AuthorizationTest/0" />
    <testcase name="GetMaintenanceStatus" type_param="mesos::internal::tests::Module&lt;mesos::Authorizer, (mesos::internal::tests::ModuleID)8&gt;" status="run" time="0.001" classname="AuthorizationTest/0" />
    <testcase name="ViewStandaloneContainer" type_param="mesos::internal::tests::Module&lt;mesos::Authorizer, (mesos::internal::tests::ModuleID)8&gt;" status="run" time="0.003" classname="AuthorizationTest/0" />
    <testcase name="MarkResourceProviderGone" type_param="mesos::internal::tests::Module&lt;mesos::Authorizer, (mesos::internal::tests::ModuleID)8&gt;" status="run" time="0.002" classname="AuthorizationTest/0" />
    <testcase name="ModifyResourceProviderConfig" type_param="mesos::internal::tests::Module&lt;mesos::Authorizer, (mesos::internal::tests::ModuleID)8&gt;" status="run" time="0.002" classname="AuthorizationTest/0" />
    <testcase name="PruneImages" type_param="mesos::internal::tests::Module&lt;mesos::Authorizer, (mesos::internal::tests::ModuleID)8&gt;" status="run" time="0.003" classname="AuthorizationTest/0" />
    <testcase name="CreateBlockDisk" type_param="mesos::internal::tests::Module&lt;mesos::Authorizer, (mesos::internal::tests::ModuleID)8&gt;" status="run" time="0.007" classname="AuthorizationTest/0" />
    <testcase name="DestroyBlockDisk" type_param="mesos::internal::tests::Module&lt;mesos::Authorizer, (mesos::internal::tests::ModuleID)8&gt;" status="run" time="0.007" classname="AuthorizationTest/0" />
    <testcase name="CreateMountDisk" type_param="mesos::internal::tests::Module&lt;mesos::Authorizer, (mesos::internal::tests::ModuleID)8&gt;" status="run" time="0.007" classname="AuthorizationTest/0" />
    <testcase name="DestroyMountDisk" type_param="mesos::internal::tests::Module&lt;mesos::Authorizer, (mesos::internal::tests::ModuleID)8&gt;" status="run" time="0.009" classname="AuthorizationTest/0" />
  </testsuite>
  <testsuite name="AuthorizationTest/1" tests="52" failures="0" disabled="0" errors="0" time="0.247">
    <testcase name="AnyPrincipalRunAsUser" type_param="mesos::internal::LocalAuthorizer" status="run" time="0.002" classname="AuthorizationTest/1" />
    <testcase name="NoPrincipalRunAsUser" type_param="mesos::internal::LocalAuthorizer" status="run" time="0.002" classname="AuthorizationTest/1" />
    <testcase name="PrincipalRunAsAnyUser" type_param="mesos::internal::LocalAuthorizer" status="run" time="0.002" classname="AuthorizationTest/1" />
    <testcase name="AnyPrincipalRunAsAnyUser" type_param="mesos::internal::LocalAuthorizer" status="run" time="0.003" classname="AuthorizationTest/1" />
    <testcase name="OnlySomePrincipalsRunAsSomeUsers" type_param="mesos::internal::LocalAuthorizer" status="run" time="0.004" classname="AuthorizationTest/1" />
    <testcase name="SomePrincipalOnlySomeUser" type_param="mesos::internal::LocalAuthorizer" status="run" time="0.003" classname="AuthorizationTest/1" />
    <testcase name="PrincipalRunAsSomeUserRestrictive" type_param="mesos::internal::LocalAuthorizer" status="run" time="0.005" classname="AuthorizationTest/1" />
    <testcase name="AnyPrincipalOfferedRole" type_param="mesos::internal::LocalAuthorizer" status="run" time="0.002" classname="AuthorizationTest/1" />
    <testcase name="SomePrincipalsOfferedRole" type_param="mesos::internal::LocalAuthorizer" status="run" time="0.002" classname="AuthorizationTest/1" />
    <testcase name="PrincipalOfferedRole" type_param="mesos::internal::LocalAuthorizer" status="run" time="0.001" classname="AuthorizationTest/1" />
    <testcase name="PrincipalNotOfferedAnyRoleRestrictive" type_param="mesos::internal::LocalAuthorizer" status="run" time="0.002" classname="AuthorizationTest/1" />
    <testcase name="RegisterFrameworkHierarchical" type_param="mesos::internal::LocalAuthorizer" status="run" time="0.005" classname="AuthorizationTest/1" />
    <testcase name="Reserve" type_param="mesos::internal::LocalAuthorizer" status="run" time="0.013" classname="AuthorizationTest/1" />
    <testcase name="Unreserve" type_param="mesos::internal::LocalAuthorizer" status="run" time="0.01" classname="AuthorizationTest/1" />
    <testcase name="CreateVolume" type_param="mesos::internal::LocalAuthorizer" status="run" time="0.013" classname="AuthorizationTest/1" />
    <testcase name="DestroyVolume" type_param="mesos::internal::LocalAuthorizer" status="run" time="0.009" classname="AuthorizationTest/1" />
    <testcase name="ResizeVolume" type_param="mesos::internal::LocalAuthorizer" status="run" time="0.013" classname="AuthorizationTest/1" />
    <testcase name="UpdateQuota" type_param="mesos::internal::LocalAuthorizer" status="run" time="0.01" classname="AuthorizationTest/1" />
    <testcase name="ViewFramework" type_param="mesos::internal::LocalAuthorizer" status="run" time="0.003" classname="AuthorizationTest/1" />
    <testcase name="ViewContainer" type_param="mesos::internal::LocalAuthorizer" status="run" time="0.004" classname="AuthorizationTest/1" />
    <testcase name="ViewTask" type_param="mesos::internal::LocalAuthorizer" status="run" time="0.005" classname="AuthorizationTest/1" />
    <testcase name="ViewExecutor" type_param="mesos::internal::LocalAuthorizer" status="run" time="0.001" classname="AuthorizationTest/1" />
    <testcase name="SandBoxAccess" type_param="mesos::internal::LocalAuthorizer" status="run" time="0.003" classname="AuthorizationTest/1" />
    <testcase name="LaunchNestedContainerSessions" type_param="mesos::internal::LocalAuthorizer" status="run" time="0.008" classname="AuthorizationTest/1" />
    <testcase name="AttachContainerInput" type_param="mesos::internal::LocalAuthorizer" status="run" time="0.004" classname="AuthorizationTest/1" />
    <testcase name="AttachContainerOutput" type_param="mesos::internal::LocalAuthorizer" status="run" time="0.004" classname="AuthorizationTest/1" />
    <testcase name="LaunchNestedContainers" type_param="mesos::internal::LocalAuthorizer" status="run" time="0.01" classname="AuthorizationTest/1" />
    <testcase name="WaitNestedContainer" type_param="mesos::internal::LocalAuthorizer" status="run" time="0.002" classname="AuthorizationTest/1" />
    <testcase name="KillNestedContainer" type_param="mesos::internal::LocalAuthorizer" status="run" time="0.002" classname="AuthorizationTest/1" />
    <testcase name="RemoveNestedContainer" type_param="mesos::internal::LocalAuthorizer" status="run" time="0.003" classname="AuthorizationTest/1" />
    <testcase name="OptionalObject" type_param="mesos::internal::LocalAuthorizer" status="run" time="0.002" classname="AuthorizationTest/1" />
    <testcase name="ViewFlags" type_param="mesos::internal::LocalAuthorizer" status="run" time="0.002" classname="AuthorizationTest/1" />
    <testcase name="ViewResourceProvider" type_param="mesos::internal::LocalAuthorizer" status="run" time="0.002" classname="AuthorizationTest/1" />
    <testcase name="SetLogLevel" type_param="mesos::internal::LocalAuthorizer" status="run" time="0.002" classname="AuthorizationTest/1" />
    <testcase name="ValidateEndpoints" type_param="mesos::internal::LocalAuthorizer" status="run" time="0.001" classname="AuthorizationTest/1" />
    <testcase name="ViewRole" type_param="mesos::internal::LocalAuthorizer" status="run" time="0.007" classname="AuthorizationTest/1" />
    <testcase name="UpdateWeight" type_param="mesos::internal::LocalAuthorizer" status="run" time="0.007" classname="AuthorizationTest/1" />
    <testcase name="GetQuota" type_param="mesos::internal::LocalAuthorizer" status="run" time="0.005" classname="AuthorizationTest/1" />
    <testcase name="RegisterAgent" type_param="mesos::internal::LocalAuthorizer" status="run" time="0.002" classname="AuthorizationTest/1" />
    <testcase name="UpdateMaintenanceSchedule" type_param="mesos::internal::LocalAuthorizer" status="run" time="0.002" classname="AuthorizationTest/1" />
    <testcase name="GetMaintenanceSchedule" type_param="mesos::internal::LocalAuthorizer" status="run" time="0.002" classname="AuthorizationTest/1" />
    <testcase name="StartMaintenance" type_param="mesos::internal::LocalAuthorizer" status="run" time="0.003" classname="AuthorizationTest/1" />
    <testcase name="StopMaintenance" type_param="mesos::internal::LocalAuthorizer" status="run" time="0.002" classname="AuthorizationTest/1" />
    <testcase name="GetMaintenanceStatus" type_param="mesos::internal::LocalAuthorizer" status="run" time="0.002" classname="AuthorizationTest/1" />
    <testcase name="ViewStandaloneContainer" type_param="mesos::internal::LocalAuthorizer" status="run" time="0.002" classname="AuthorizationTest/1" />
    <testcase name="MarkResourceProviderGone" type_param="mesos::internal::LocalAuthorizer" status="run" time="0.003" classname="AuthorizationTest/1" />
    <testcase name="ModifyResourceProviderConfig" type_param="mesos::internal::LocalAuthorizer" status="run" time="0.002" classname="AuthorizationTest/1" />
    <testcase name="PruneImages" type_param="mesos::internal::LocalAuthorizer" status="run" time="0.002" classname="AuthorizationTest/1" />
    <testcase name="CreateBlockDisk" type_param="mesos::internal::LocalAuthorizer" status="run" time="0.01" classname="AuthorizationTest/1" />
    <testcase name="DestroyBlockDisk" type_param="mesos::internal::LocalAuthorizer" status="run" time="0.012" classname="AuthorizationTest/1" />
    <testcase name="CreateMountDisk" type_param="mesos::internal::LocalAuthorizer" status="run" time="0.012" classname="AuthorizationTest/1" />
    <testcase name="DestroyMountDisk" type_param="mesos::internal::LocalAuthorizer" status="run" time="0.012" classname="AuthorizationTest/1" />
  </testsuite>
  <testsuite name="CommandExecutorCheckTest" tests="8" failures="0" disabled="0" errors="0" time="7.914">
    <testcase name="CommandCheckDeliveredAndReconciled" status="run" time="0.654" classname="CommandExecutorCheckTest" />
    <testcase name="CommandCheckStatusChange" status="run" time="0.808" classname="CommandExecutorCheckTest" />
    <testcase name="CommandCheckSeesParentsEnv" status="run" time="0.607" classname="CommandExecutorCheckTest" />
    <testcase name="CommandCheckSharesWorkDirWithTask" status="run" time="0.805" classname="CommandExecutorCheckTest" />
    <testcase name="CommandCheckTimeout" status="run" time="1.711" classname="CommandExecutorCheckTest" />
    <testcase name="CommandCheckAndHealthCheckNoShadowing" status="run" time="1.611" classname="CommandExecutorCheckTest" />
    <testcase name="HTTPCheckDelivered" status="run" time="0.906" classname="CommandExecutorCheckTest" />
    <testcase name="TCPCheckDelivered" status="run" time="0.805" classname="CommandExecutorCheckTest" />
  </testsuite>
  <testsuite name="DefaultExecutorCheckTest" tests="9" failures="0" disabled="0" errors="0" time="16.74">
    <testcase name="CommandCheckDeliveredAndReconciled" status="run" time="2.04" classname="DefaultExecutorCheckTest" />
    <testcase name="CommandCheckStatusChange" status="run" time="2.314" classname="DefaultExecutorCheckTest" />
    <testcase name="CommandCheckSeesParentsEnv" status="run" time="1.806" classname="DefaultExecutorCheckTest" />
    <testcase name="CommandCheckSharesWorkDirWithTask" status="run" time="1.815" classname="DefaultExecutorCheckTest" />
    <testcase name="CommandCheckTimeout" status="run" time="3.326" classname="DefaultExecutorCheckTest" />
    <testcase name="CommandCheckAndHealthCheckNoShadowing" status="run" time="2.625" classname="DefaultExecutorCheckTest" />
    <testcase name="MultipleTasksWithChecks" status="run" time="0.889" classname="DefaultExecutorCheckTest" />
    <testcase name="HTTPCheckDelivered" status="run" time="1.003" classname="DefaultExecutorCheckTest" />
    <testcase name="TCPCheckDelivered" status="run" time="0.905" classname="DefaultExecutorCheckTest" />
  </testsuite>
  <testsuite name="CheckTest" tests="2" failures="0" disabled="0" errors="0" time="0">
    <testcase name="CheckInfoValidation" status="run" time="0" classname="CheckTest" />
    <testcase name="CheckStatusInfoValidation" status="run" time="0" classname="CheckTest" />
  </testsuite>
  <testsuite name="HTTPCommandExecutorTest" tests="2" failures="0" disabled="0" errors="0" time="2.113">
    <testcase name="TerminateWithACK" status="run" time="1.637" classname="HTTPCommandExecutorTest" />
    <testcase name="ExplicitAcknowledgements" status="run" time="0.473" classname="HTTPCommandExecutorTest" />
  </testsuite>
  <testsuite name="CommonValidationTest" tests="1" failures="0" disabled="0" errors="0" time="0">
    <testcase name="Volume" status="run" time="0" classname="CommonValidationTest" />
  </testsuite>
  <testsuite name="ContainerDaemonTest" tests="1" failures="0" disabled="0" errors="0" time="1.032">
    <testcase name="RestartOnTermination" status="run" time="1.031" classname="ContainerDaemonTest" />
  </testsuite>
  <testsuite name="CRAMMD5AuthenticationTest/0" tests="5" failures="0" disabled="0" errors="0" time="0.012">
    <testcase name="Success" type_param="mesos::internal::cram_md5::Authentication&lt;mesos::internal::tests::Module&lt;mesos::Authenticatee, (mesos::internal::tests::ModuleID)2&gt;, mesos::internal::cram_md5::CRAMMD5Authenticator&gt;" status="run" time="0.003" classname="CRAMMD5AuthenticationTest/0" />
    <testcase name="Failed1" type_param="mesos::internal::cram_md5::Authentication&lt;mesos::internal::tests::Module&lt;mesos::Authenticatee, (mesos::internal::tests::ModuleID)2&gt;, mesos::internal::cram_md5::CRAMMD5Authenticator&gt;" status="run" time="0.002" classname="CRAMMD5AuthenticationTest/0" />
    <testcase name="Failed2" type_param="mesos::internal::cram_md5::Authentication&lt;mesos::internal::tests::Module&lt;mesos::Authenticatee, (mesos::internal::tests::ModuleID)2&gt;, mesos::internal::cram_md5::CRAMMD5Authenticator&gt;" status="run" time="0.003" classname="CRAMMD5AuthenticationTest/0" />
    <testcase name="AuthenticatorDestructionRace" type_param="mesos::internal::cram_md5::Authentication&lt;mesos::internal::tests::Module&lt;mesos::Authenticatee, (mesos::internal::tests::ModuleID)2&gt;, mesos::internal::cram_md5::CRAMMD5Authenticator&gt;" status="run" time="0.003" classname="CRAMMD5AuthenticationTest/0" />
    <testcase name="AuthenticateeSecretMissing" type_param="mesos::internal::cram_md5::Authentication&lt;mesos::internal::tests::Module&lt;mesos::Authenticatee, (mesos::internal::tests::ModuleID)2&gt;, mesos::internal::cram_md5::CRAMMD5Authenticator&gt;" status="run" time="0.001" classname="CRAMMD5AuthenticationTest/0" />
  </testsuite>
  <testsuite name="CRAMMD5AuthenticationTest/1" tests="5" failures="0" disabled="0" errors="0" time="0.011">
    <testcase name="Success" type_param="mesos::internal::cram_md5::Authentication&lt;mesos::internal::cram_md5::CRAMMD5Authenticatee, mesos::internal::tests::Module&lt;mesos::Authenticator, (mesos::internal::tests::ModuleID)3&gt; &gt;" status="run" time="0.003" classname="CRAMMD5AuthenticationTest/1" />
    <testcase name="Failed1" type_param="mesos::internal::cram_md5::Authentication&lt;mesos::internal::cram_md5::CRAMMD5Authenticatee, mesos::internal::tests::Module&lt;mesos::Authenticator, (mesos::internal::tests::ModuleID)3&gt; &gt;" status="run" time="0.002" classname="CRAMMD5AuthenticationTest/1" />
    <testcase name="Failed2" type_param="mesos::internal::cram_md5::Authentication&lt;mesos::internal::cram_md5::CRAMMD5Authenticatee, mesos::internal::tests::Module&lt;mesos::Authenticator, (mesos::internal::tests::ModuleID)3&gt; &gt;" status="run" time="0.003" classname="CRAMMD5AuthenticationTest/1" />
    <testcase name="AuthenticatorDestructionRace" type_param="mesos::internal::cram_md5::Authentication&lt;mesos::internal::cram_md5::CRAMMD5Authenticatee, mesos::internal::tests::Module&lt;mesos::Authenticator, (mesos::internal::tests::ModuleID)3&gt; &gt;" status="run" time="0.003" classname="CRAMMD5AuthenticationTest/1" />
    <testcase name="AuthenticateeSecretMissing" type_param="mesos::internal::cram_md5::Authentication&lt;mesos::internal::cram_md5::CRAMMD5Authenticatee, mesos::internal::tests::Module&lt;mesos::Authenticator, (mesos::internal::tests::ModuleID)3&gt; &gt;" status="run" time="0" classname="CRAMMD5AuthenticationTest/1" />
  </testsuite>
  <testsuite name="CRAMMD5AuthenticationTest/2" tests="5" failures="0" disabled="0" errors="0" time="0.014">
    <testcase name="Success" type_param="mesos::internal::cram_md5::Authentication&lt;mesos::internal::tests::Module&lt;mesos::Authenticatee, (mesos::internal::tests::ModuleID)2&gt;, mesos::internal::tests::Module&lt;mesos::Authenticator, (mesos::internal::tests::ModuleID)3&gt; &gt;" status="run" time="0.003" classname="CRAMMD5AuthenticationTest/2" />
    <testcase name="Failed1" type_param="mesos::internal::cram_md5::Authentication&lt;mesos::internal::tests::Module&lt;mesos::Authenticatee, (mesos::internal::tests::ModuleID)2&gt;, mesos::internal::tests::Module&lt;mesos::Authenticator, (mesos::internal::tests::ModuleID)3&gt; &gt;" status="run" time="0.003" classname="CRAMMD5AuthenticationTest/2" />
    <testcase name="Failed2" type_param="mesos::internal::cram_md5::Authentication&lt;mesos::internal::tests::Module&lt;mesos::Authenticatee, (mesos::internal::tests::ModuleID)2&gt;, mesos::internal::tests::Module&lt;mesos::Authenticator, (mesos::internal::tests::ModuleID)3&gt; &gt;" status="run" time="0.004" classname="CRAMMD5AuthenticationTest/2" />
    <testcase name="AuthenticatorDestructionRace" type_param="mesos::internal::cram_md5::Authentication&lt;mesos::internal::tests::Module&lt;mesos::Authenticatee, (mesos::internal::tests::ModuleID)2&gt;, mesos::internal::tests::Module&lt;mesos::Authenticator, (mesos::internal::tests::ModuleID)3&gt; &gt;" status="run" time="0.003" classname="CRAMMD5AuthenticationTest/2" />
    <testcase name="AuthenticateeSecretMissing" type_param="mesos::internal::cram_md5::Authentication&lt;mesos::internal::tests::Module&lt;mesos::Authenticatee, (mesos::internal::tests::ModuleID)2&gt;, mesos::internal::tests::Module&lt;mesos::Authenticator, (mesos::internal::tests::ModuleID)3&gt; &gt;" status="run" time="0.001" classname="CRAMMD5AuthenticationTest/2" />
  </testsuite>
  <testsuite name="CRAMMD5AuthenticationTest/3" tests="5" failures="0" disabled="0" errors="0" time="0.012">
    <testcase name="Success" type_param="mesos::internal::cram_md5::Authentication&lt;mesos::internal::cram_md5::CRAMMD5Authenticatee, mesos::internal::cram_md5::CRAMMD5Authenticator&gt;" status="run" time="0.002" classname="CRAMMD5AuthenticationTest/3" />
    <testcase name="Failed1" type_param="mesos::internal::cram_md5::Authentication&lt;mesos::internal::cram_md5::CRAMMD5Authenticatee, mesos::internal::cram_md5::CRAMMD5Authenticator&gt;" status="run" time="0.003" classname="CRAMMD5AuthenticationTest/3" />
    <testcase name="Failed2" type_param="mesos::internal::cram_md5::Authentication&lt;mesos::internal::cram_md5::CRAMMD5Authenticatee, mesos::internal::cram_md5::CRAMMD5Authenticator&gt;" status="run" time="0.004" classname="CRAMMD5AuthenticationTest/3" />
    <testcase name="AuthenticatorDestructionRace" type_param="mesos::internal::cram_md5::Authentication&lt;mesos::internal::cram_md5::CRAMMD5Authenticatee, mesos::internal::cram_md5::CRAMMD5Authenticator&gt;" status="run" time="0.003" classname="CRAMMD5AuthenticationTest/3" />
    <testcase name="AuthenticateeSecretMissing" type_param="mesos::internal::cram_md5::Authentication&lt;mesos::internal::cram_md5::CRAMMD5Authenticatee, mesos::internal::cram_md5::CRAMMD5Authenticator&gt;" status="run" time="0" classname="CRAMMD5AuthenticationTest/3" />
  </testsuite>
  <testsuite name="CredentialsTest" tests="3" failures="0" disabled="0" errors="0" time="0.321">
    <testcase name="AuthenticatedSlave" status="run" time="0.104" classname="CredentialsTest" />
    <testcase name="AuthenticatedSlaveText" status="run" time="0.105" classname="CredentialsTest" />
    <testcase name="AuthenticatedSlaveJSON" status="run" time="0.11" classname="CredentialsTest" />
  </testsuite>
  <testsuite name="ExceptionTest" tests="3" failures="0" disabled="0" errors="0" time="0.218">
    <testcase name="DeactivateFrameworkOnAbort" status="run" time="0.048" classname="ExceptionTest" />
    <testcase name="DisallowSchedulerActionsOnAbort" status="run" time="0.049" classname="ExceptionTest" />
    <testcase name="DisallowSchedulerCallbacksOnAbort" status="run" time="0.119" classname="ExceptionTest" />
  </testsuite>
  <testsuite name="ExecutorHttpApiTest" tests="4" failures="0" disabled="0" errors="0" time="0.226">
    <testcase name="NoContentType" status="run" time="0.077" classname="ExecutorHttpApiTest" />
    <testcase name="ValidJsonButInvalidProtobuf" status="run" time="0.054" classname="ExecutorHttpApiTest" />
    <testcase name="GetRequest" status="run" time="0.057" classname="ExecutorHttpApiTest" />
    <testcase name="SubscribeBeforeContainerizerRecovery" status="run" time="0.037" classname="ExecutorHttpApiTest" />
  </testsuite>
  <testsuite name="FaultToleranceTest" tests="23" failures="0" disabled="0" errors="0" time="2.702">
    <testcase name="MasterFailover" status="run" time="0.056" classname="FaultToleranceTest" />
    <testcase name="ReregisterCompletedFrameworks" status="run" time="0.187" classname="FaultToleranceTest" />
    <testcase name="SchedulerFailover" status="run" time="0.063" classname="FaultToleranceTest" />
    <testcase name="SchedulerReregisterAfterFailoverTimeout" status="run" time="0.039" classname="FaultToleranceTest" />
    <testcase name="SchedulerReregisterAfterUnregistration" status="run" time="0.04" classname="FaultToleranceTest" />
    <testcase name="SchedulerFailoverRetriedReregistration" status="run" time="0.044" classname="FaultToleranceTest" />
    <testcase name="FrameworkReliableRegistration" status="run" time="0.104" classname="FaultToleranceTest" />
    <testcase name="FrameworkReregister" status="run" time="0.124" classname="FaultToleranceTest" />
    <testcase name="DisconnectedSchedulerLaunchLost" status="run" time="0.108" classname="FaultToleranceTest" />
    <testcase name="DisconnectedSchedulerLaunchDropped" status="run" time="0.114" classname="FaultToleranceTest" />
    <testcase name="SchedulerFailoverStatusUpdate" status="run" time="0.1" classname="FaultToleranceTest" />
    <testcase name="ReregisterFrameworkExitedExecutor" status="run" time="0.119" classname="FaultToleranceTest" />
    <testcase name="ForwardStatusUpdateUnknownExecutor" status="run" time="0.104" classname="FaultToleranceTest" />
    <testcase name="SchedulerFailoverExecutorToFrameworkMessage" status="run" time="0.102" classname="FaultToleranceTest" />
    <testcase name="SchedulerFailoverFrameworkToExecutorMessage" status="run" time="0.097" classname="FaultToleranceTest" />
    <testcase name="IgnoreKillTaskFromUnregisteredFramework" status="run" time="0.108" classname="FaultToleranceTest" />
    <testcase name="SchedulerExit" status="run" time="0.099" classname="FaultToleranceTest" />
    <testcase name="SlaveReliableRegistration" status="run" time="0.112" classname="FaultToleranceTest" />
    <testcase name="SlaveReregisterOnZKExpiration" status="run" time="0.108" classname="FaultToleranceTest" />
    <testcase name="FrameworkReregisterEmptyExecutor" status="run" time="0.133" classname="FaultToleranceTest" />
    <testcase name="SplitBrainMasters" status="run" time="0.094" classname="FaultToleranceTest" />
    <testcase name="UpdateFrameworkInfoOnSchedulerFailover" status="run" time="0.059" classname="FaultToleranceTest" />
    <testcase name="UpdateFrameworkInfoOnMasterFailover" status="run" time="0.567" classname="FaultToleranceTest" />
  </testsuite>
  <testsuite name="FetcherTest" tests="26" failures="0" disabled="0" errors="0" time="5.338">
    <testcase name="FileURI" status="run" time="0.195" classname="FetcherTest" />
    <testcase name="DuplicateFileURI" status="run" time="0.208" classname="FetcherTest" />
    <testcase name="LogSuccessToStderr" status="run" time="0.19" classname="FetcherTest" />
    <testcase name="LogFailureToStderr" status="run" time="0.202" classname="FetcherTest" />
    <testcase name="CustomOutputFileSubdirectory" status="run" time="0.209" classname="FetcherTest" />
    <testcase name="AbsoluteCustomSubdirectoryFails" status="run" time="0.012" classname="FetcherTest" />
    <testcase name="InvalidUser" status="run" time="0.014" classname="FetcherTest" />
    <testcase name="NonExistingFile" status="run" time="0.177" classname="FetcherTest" />
    <testcase name="MalformedURI" status="run" time="0.01" classname="FetcherTest" />
    <testcase name="AbsoluteFilePath" status="run" time="0.192" classname="FetcherTest" />
    <testcase name="RelativeFilePath" status="run" time="0.404" classname="FetcherTest" />
    <testcase name="OSNetUriTest" status="run" time="0.201" classname="FetcherTest" />
    <testcase name="OSNetUriSpaceTest" status="run" time="0.203" classname="FetcherTest" />
    <testcase name="FileLocalhostURI" status="run" time="0.203" classname="FetcherTest" />
    <testcase name="NoExtractNotExecutable" status="run" time="0.202" classname="FetcherTest" />
    <testcase name="NoExtractExecutable" status="run" time="0.202" classname="FetcherTest" />
    <testcase name="ExtractNotExecutable" status="run" time="0.201" classname="FetcherTest" />
    <testcase name="ExtractTar" status="run" time="0.203" classname="FetcherTest" />
    <testcase name="ExtractGzipFile" status="run" time="0.302" classname="FetcherTest" />
    <testcase name="UNZIP_ExtractFile" status="run" time="0.202" classname="FetcherTest" />
    <testcase name="UNZIP_ExtractInvalidFile" status="run" time="0.194" classname="FetcherTest" />
    <testcase name="UNZIP_ExtractFileWithDuplicatedEntries" status="run" time="0.208" classname="FetcherTest" />
    <testcase name="UseCustomOutputFile" status="run" time="0.201" classname="FetcherTest" />
    <testcase name="CustomGzipOutputFile" status="run" time="0.303" classname="FetcherTest" />
    <testcase name="HdfsURI" status="run" time="0.403" classname="FetcherTest" />
    <testcase name="SSLEnvironmentSpillover" status="run" time="0.294" classname="FetcherTest" />
  </testsuite>
  <testsuite name="FilesTest" tests="9" failures="0" disabled="0" errors="0" time="0.222">
    <testcase name="AttachTest" status="run" time="0.005" classname="FilesTest" />
    <testcase name="DetachTest" status="run" time="0" classname="FilesTest" />
    <testcase name="ReadTest" status="run" time="0.046" classname="FilesTest" />
    <testcase name="ResolveTest" status="run" time="0.055" classname="FilesTest" />
    <testcase name="QueryWithEncodedSequence" status="run" time="0.007" classname="FilesTest" />
    <testcase name="BrowseTest" status="run" time="0.06" classname="FilesTest" />
    <testcase name="DownloadTest" status="run" time="0.02" classname="FilesTest" />
    <testcase name="DebugTest" status="run" time="0.014" classname="FilesTest" />
    <testcase name="AuthenticationTest" status="run" time="0.014" classname="FilesTest" />
  </testsuite>
  <testsuite name="GarbageCollectorTest" tests="3" failures="0" disabled="0" errors="0" time="0.045">
    <testcase name="Schedule" status="run" time="0.035" classname="GarbageCollectorTest" />
    <testcase name="Unschedule" status="run" time="0.005" classname="GarbageCollectorTest" />
    <testcase name="Prune" status="run" time="0.005" classname="GarbageCollectorTest" />
  </testsuite>
  <testsuite name="GarbageCollectorIntegrationTest" tests="7" failures="0" disabled="0" errors="0" time="5.523">
    <testcase name="Restart" status="run" time="0.209" classname="GarbageCollectorIntegrationTest" />
    <testcase name="ExitedFramework" status="run" time="0.131" classname="GarbageCollectorIntegrationTest" />
    <testcase name="ExitedExecutor" status="run" time="0.132" classname="GarbageCollectorIntegrationTest" />
    <testcase name="LongLivedDefaultExecutor" status="run" time="1.846" classname="GarbageCollectorIntegrationTest" />
    <testcase name="LongLivedDefaultExecutorRestart" status="run" time="2.962" classname="GarbageCollectorIntegrationTest" />
    <testcase name="DiskUsage" status="run" time="0.113" classname="GarbageCollectorIntegrationTest" />
    <testcase name="Unschedule" status="run" time="0.123" classname="GarbageCollectorIntegrationTest" />
  </testsuite>
  <testsuite name="HdfsTest" tests="6" failures="0" disabled="0" errors="0" time="1.566">
    <testcase name="Exists" status="run" time="0.254" classname="HdfsTest" />
    <testcase name="Du" status="run" time="0.304" classname="HdfsTest" />
    <testcase name="ThreeFieldDu" status="run" time="0.302" classname="HdfsTest" />
    <testcase name="Rm" status="run" time="0.302" classname="HdfsTest" />
    <testcase name="CopyFromLocal" status="run" time="0.202" classname="HdfsTest" />
    <testcase name="CopyToLocal" status="run" time="0.202" classname="HdfsTest" />
  </testsuite>
  <testsuite name="HealthCheckTest" tests="14" failures="0" disabled="0" errors="0" time="15.165">
    <testcase name="HealthCheckProtobufValidation" status="run" time="0" classname="HealthCheckTest" />
    <testcase name="HealthyTask" status="run" time="0.621" classname="HealthCheckTest" />
    <testcase name="HealthyTaskNonShell" status="run" time="0.605" classname="HealthCheckTest" />
    <testcase name="HealthStatusChange" status="run" time="0.805" classname="HealthCheckTest" />
    <testcase name="ConsecutiveFailures" status="run" time="1.01" classname="HealthCheckTest" />
    <testcase name="EnvironmentSetup" status="run" time="0.604" classname="HealthCheckTest" />
    <testcase name="GracePeriod" status="run" time="2.613" classname="HealthCheckTest" />
    <testcase name="CheckCommandTimeout" status="run" time="1.712" classname="HealthCheckTest" />
    <testcase name="HealthyToUnhealthyTransitionWithinGracePeriod" status="run" time="0.807" classname="HealthCheckTest" />
    <testcase name="HealthyTaskViaHTTP" status="run" time="0.904" classname="HealthCheckTest" />
    <testcase name="HealthyTaskViaHTTPWithoutType" status="run" time="0.905" classname="HealthCheckTest" />
    <testcase name="HealthyTaskViaTCP" status="run" time="0.807" classname="HealthCheckTest" />
    <testcase name="DefaultExecutorCommandHealthCheck" status="run" time="1.842" classname="HealthCheckTest" />
    <testcase name="DefaultExecutorWithDockerImageCommandHealthCheck" status="run" time="1.916" classname="HealthCheckTest" />
  </testsuite>
  <testsuite name="HierarchicalAllocatorTest" tests="61" failures="0" disabled="1" errors="0" time="0.934">
    <testcase name="UnreservedDRF" status="run" time="0.012" classname="HierarchicalAllocatorTest" />
    <testcase name="ReservedDRF" status="run" time="0.014" classname="HierarchicalAllocatorTest" />
    <testcase name="DRFWithFairnessExclusion" status="run" time="0.012" classname="HierarchicalAllocatorTest" />
    <testcase name="NestedRoleDRF" status="run" time="0.012" classname="HierarchicalAllocatorTest" />
    <testcase name="OfferFilter" status="run" time="0.035" classname="HierarchicalAllocatorTest" />
    <testcase name="SmallOfferFilterTimeout" status="run" time="0.015" classname="HierarchicalAllocatorTest" />
    <testcase name="MaintenanceInverseOffers" status="run" time="0.008" classname="HierarchicalAllocatorTest" />
    <testcase name="CoarseGrained" status="run" time="0.011" classname="HierarchicalAllocatorTest" />
    <testcase name="SameShareFairness" status="run" time="0.03" classname="HierarchicalAllocatorTest" />
    <testcase name="Reservations" status="run" time="0.011" classname="HierarchicalAllocatorTest" />
    <testcase name="RecoverResources" status="run" time="0.012" classname="HierarchicalAllocatorTest" />
    <testcase name="AddResourceProvider" status="run" time="0.01" classname="HierarchicalAllocatorTest" />
    <testcase name="AddResourceProviderOverallocated" status="run" time="0.006" classname="HierarchicalAllocatorTest" />
    <testcase name="Allocatable" status="run" time="0.012" classname="HierarchicalAllocatorTest" />
    <testcase name="UpdateAllocation" status="run" time="0.011" classname="HierarchicalAllocatorTest" />
    <testcase name="UpdateAllocationRemoveResources" status="run" time="0.007" classname="HierarchicalAllocatorTest" />
    <testcase name="UpdateAllocationSharedPersistentVolume" status="run" time="0.015" classname="HierarchicalAllocatorTest" />
    <testcase name="SharedResourcesCapability" status="run" time="0.015" classname="HierarchicalAllocatorTest" />
    <testcase name="UpdateAvailableSuccess" status="run" time="0.009" classname="HierarchicalAllocatorTest" />
    <testcase name="UpdateAvailableFail" status="run" time="0.004" classname="HierarchicalAllocatorTest" />
    <testcase name="UpdateSlaveOversubscribedResources" status="run" time="0.009" classname="HierarchicalAllocatorTest" />
    <testcase name="UpdateSlaveTotalResources" status="run" time="0.013" classname="HierarchicalAllocatorTest" />
    <testcase name="UpdateSlaveCapabilities" status="run" time="0.008" classname="HierarchicalAllocatorTest" />
    <testcase name="OversubscribedNotAllocated" status="run" time="0.009" classname="HierarchicalAllocatorTest" />
    <testcase name="RecoverOversubscribedResources" status="run" time="0.012" classname="HierarchicalAllocatorTest" />
    <testcase name="Whitelist" status="run" time="0.01" classname="HierarchicalAllocatorTest" />
    <testcase name="NoDoubleAccounting" status="run" time="0.018" classname="HierarchicalAllocatorTest" />
    <testcase name="QuotaProvidesGuarantee" status="run" time="0.017" classname="HierarchicalAllocatorTest" />
    <testcase name="RemoveQuota" status="run" time="0.021" classname="HierarchicalAllocatorTest" />
    <testcase name="MultipleFrameworksInRoleWithQuota" status="run" time="0.014" classname="HierarchicalAllocatorTest" />
    <testcase name="QuotaAllocationGranularity" status="run" time="0.008" classname="HierarchicalAllocatorTest" />
    <testcase name="QuotaAllocationGranularityUnchoppableResource" status="run" time="0.013" classname="HierarchicalAllocatorTest" />
    <testcase name="QuotaRoleAllocateNonQuotaResource" status="run" time="0.012" classname="HierarchicalAllocatorTest" />
    <testcase name="DRFWithQuota" status="run" time="0.032" classname="HierarchicalAllocatorTest" />
    <testcase name="QuotaAgainstStarvation" status="run" time="0.014" classname="HierarchicalAllocatorTest" />
    <testcase name="QuotaAbsentFramework" status="run" time="0.007" classname="HierarchicalAllocatorTest" />
    <testcase name="MultiQuotaAbsentFrameworks" status="run" time="0.009" classname="HierarchicalAllocatorTest" />
    <testcase name="MultiQuotaWithFrameworks" status="run" time="0.011" classname="HierarchicalAllocatorTest" />
    <testcase name="ReservationWithinQuota" status="run" time="0.011" classname="HierarchicalAllocatorTest" />
    <testcase name="QuotaSetAsideReservedResources" status="run" time="0.019" classname="HierarchicalAllocatorTest" />
    <testcase name="DeactivateAndReactivateFramework" status="run" time="0.01" classname="HierarchicalAllocatorTest" />
    <testcase name="SuppressAndReviveOffers" status="run" time="0.01" classname="HierarchicalAllocatorTest" />
    <testcase name="ResourceMetrics" status="run" time="0.039" classname="HierarchicalAllocatorTest" />
    <testcase name="ResourceMetricsUninitialized" status="run" time="0.009" classname="HierarchicalAllocatorTest" />
    <testcase name="AllocationRunsMetric" status="run" time="0.027" classname="HierarchicalAllocatorTest" />
    <testcase name="AllocationRunTimerMetrics" status="run" time="0.023" classname="HierarchicalAllocatorTest" />
    <testcase name="AllocationRunLatencyMetrics" status="run" time="0.025" classname="HierarchicalAllocatorTest" />
    <testcase name="ActiveOfferFiltersMetrics" status="run" time="0.041" classname="HierarchicalAllocatorTest" />
    <testcase name="DominantShareMetrics" status="run" time="0.064" classname="HierarchicalAllocatorTest" />
    <testcase name="DominantShareMetricsWithFairnessExclusion" status="run" time="0.031" classname="HierarchicalAllocatorTest" />
    <testcase name="UpdateWeight" status="run" time="0.029" classname="HierarchicalAllocatorTest" />
    <testcase name="ReviveOffers" status="run" time="0.009" classname="HierarchicalAllocatorTest" />
    <testcase name="SuppressAndReviveOffersWithMultiRole" status="run" time="0.008" classname="HierarchicalAllocatorTest" />
    <testcase name="DontOfferOldAgentToMultiRoleFramework" status="run" time="0.006" classname="HierarchicalAllocatorTest" />
    <testcase name="DisproportionateQuotaVsAllocation" status="run" time="0.009" classname="HierarchicalAllocatorTest" />
    <testcase name="OfferAncestorReservationsToDescendantChild" status="run" time="0.009" classname="HierarchicalAllocatorTest" />
    <testcase name="QuotaWithAncestorReservations" status="run" time="0.012" classname="HierarchicalAllocatorTest" />
    <testcase name="NestedRoleQuota" status="run" time="0.015" classname="HierarchicalAllocatorTest" />
    <testcase name="NestedRoleQuotaAllocateToParent" status="run" time="0.01" classname="HierarchicalAllocatorTest" />
    <testcase name="DISABLED_NestedQuotaAccounting" status="notrun" time="0" classname="HierarchicalAllocatorTest" />
    <testcase name="RemoveFilters" status="run" time="0.01" classname="HierarchicalAllocatorTest" />
  </testsuite>
  <testsuite name="HookTest" tests="8" failures="0" disabled="0" errors="0" time="0.764">
    <testcase name="HookLoading" status="run" time="0.001" classname="HookTest" />
    <testcase name="VerifyMasterLaunchTaskHook" status="run" time="0.095" classname="HookTest" />
    <testcase name="MasterSlaveLostHookTest" status="run" time="0.09" classname="HookTest" />
    <testcase name="VerifySlaveExecutorEnvironmentDecorator" status="run" time="0.18" classname="HookTest" />
    <testcase name="VerifySlaveLaunchExecutorHook" status="run" time="0.103" classname="HookTest" />
    <testcase name="VerifySlaveRunTaskHook" status="run" time="0.101" classname="HookTest" />
    <testcase name="VerifySlaveTaskStatusDecorator" status="run" time="0.096" classname="HookTest" />
    <testcase name="VerifySlaveResourcesAndAttributesDecorator" status="run" time="0.091" classname="HookTest" />
  </testsuite>
  <testsuite name="HttpAuthenticationTest/0" tests="3" failures="0" disabled="0" errors="0" time="0.002">
    <testcase name="BasicWithoutCredentialsTest" type_param="mesos::internal::tests::Module&lt;process::http::authentication::Authenticator, (mesos::internal::tests::ModuleID)13&gt;" status="run" time="0.001" classname="HttpAuthenticationTest/0" />
    <testcase name="BasicWithCredentialsTest" type_param="mesos::internal::tests::Module&lt;process::http::authentication::Authenticator, (mesos::internal::tests::ModuleID)13&gt;" status="run" time="0.001" classname="HttpAuthenticationTest/0" />
    <testcase name="BasicWithoutRealm" type_param="mesos::internal::tests::Module&lt;process::http::authentication::Authenticator, (mesos::internal::tests::ModuleID)13&gt;" status="run" time="0" classname="HttpAuthenticationTest/0" />
  </testsuite>
  <testsuite name="HttpAuthenticationTest/1" tests="3" failures="0" disabled="0" errors="0" time="0.003">
    <testcase name="BasicWithoutCredentialsTest" type_param="mesos::http::authentication::BasicAuthenticatorFactory" status="run" time="0.001" classname="HttpAuthenticationTest/1" />
    <testcase name="BasicWithCredentialsTest" type_param="mesos::http::authentication::BasicAuthenticatorFactory" status="run" time="0.001" classname="HttpAuthenticationTest/1" />
    <testcase name="BasicWithoutRealm" type_param="mesos::http::authentication::BasicAuthenticatorFactory" status="run" time="0.001" classname="HttpAuthenticationTest/1" />
  </testsuite>
  <testsuite name="CombinedAuthenticatorTest" tests="1" failures="0" disabled="0" errors="0" time="0.015">
    <testcase name="MultipleAuthenticators" status="run" time="0.015" classname="CombinedAuthenticatorTest" />
  </testsuite>
  <testsuite name="HttpFaultToleranceTest" tests="6" failures="0" disabled="0" errors="0" time="0.605">
    <testcase name="SchedulerSubscribeAfterFailoverTimeout" status="run" time="0.059" classname="HttpFaultToleranceTest" />
    <testcase name="SchedulerSubscribeAfterTeardown" status="run" time="0.059" classname="HttpFaultToleranceTest" />
    <testcase name="SchedulerFailoverStatusUpdate" status="run" time="0.122" classname="HttpFaultToleranceTest" />
    <testcase name="SchedulerFailoverExecutorToFrameworkMessage" status="run" time="0.107" classname="HttpFaultToleranceTest" />
    <testcase name="SchedulerFailoverFrameworkToExecutorMessage" status="run" time="0.111" classname="HttpFaultToleranceTest" />
    <testcase name="SchedulerExit" status="run" time="0.141" classname="HttpFaultToleranceTest" />
  </testsuite>
  <testsuite name="MasterMaintenanceTest" tests="12" failures="0" disabled="0" errors="0" time="1.355">
    <testcase name="UpdateSchedule" status="run" time="0.069" classname="MasterMaintenanceTest" />
    <testcase name="FailToUnscheduleDeactivatedMachines" status="run" time="0.044" classname="MasterMaintenanceTest" />
    <testcase name="PendingUnavailabilityTest" status="run" time="0.091" classname="MasterMaintenanceTest" />
    <testcase name="PreV1SchedulerSupport" status="run" time="0.099" classname="MasterMaintenanceTest" />
    <testcase name="EnterMaintenanceMode" status="run" time="0.213" classname="MasterMaintenanceTest" />
    <testcase name="BringDownMachines" status="run" time="0.067" classname="MasterMaintenanceTest" />
    <testcase name="BringUpMachines" status="run" time="0.078" classname="MasterMaintenanceTest" />
    <testcase name="MachineStatus" status="run" time="0.062" classname="MasterMaintenanceTest" />
    <testcase name="InverseOffers" status="run" time="0.205" classname="MasterMaintenanceTest" />
    <testcase name="InverseOffersFilters" status="run" time="0.336" classname="MasterMaintenanceTest" />
    <testcase name="EndpointsBadAuthentication" status="run" time="0.054" classname="MasterMaintenanceTest" />
    <testcase name="AcceptInvalidInverseOffer" status="run" time="0.029" classname="MasterMaintenanceTest" />
  </testsuite>
  <testsuite name="MasterSlaveReconciliationTest" tests="10" failures="0" disabled="0" errors="0" time="1.901">
    <testcase name="SlaveReregisterTerminatedExecutor" status="run" time="0.099" classname="MasterSlaveReconciliationTest" />
    <testcase name="ReconcileLostTask" status="run" time="0.131" classname="MasterSlaveReconciliationTest" />
    <testcase name="ReconcileDroppedTask" status="run" time="0.115" classname="MasterSlaveReconciliationTest" />
    <testcase name="ReconcileDroppedOperation" status="run" time="0.099" classname="MasterSlaveReconciliationTest" />
    <testcase name="ForwardOperationDroppedAfterExplicitReconciliation" status="run" time="0.236" classname="MasterSlaveReconciliationTest" />
    <testcase name="ReconcileRace" status="run" time="0.132" classname="MasterSlaveReconciliationTest" />
    <testcase name="SlaveReregisterPendingTask" status="run" time="0.095" classname="MasterSlaveReconciliationTest" />
    <testcase name="SlaveReregisterTerminalTask" status="run" time="0.096" classname="MasterSlaveReconciliationTest" />
    <testcase name="SlaveReregisterFrameworks" status="run" time="0.093" classname="MasterSlaveReconciliationTest" />
    <testcase name="SlaveReregisterTaskExecutorIds" status="run" time="0.797" classname="MasterSlaveReconciliationTest" />
  </testsuite>
  <testsuite name="OperationStatusUpdateManagerTest" tests="16" failures="0" disabled="0" errors="0" time="0.43">
    <testcase name="UpdateAndAck" status="run" time="0.04" classname="OperationStatusUpdateManagerTest" />
    <testcase name="UpdateAndAckNonTerminalUpdate" status="run" time="0.033" classname="OperationStatusUpdateManagerTest" />
    <testcase name="ResendUnacknowledged" status="run" time="0.032" classname="OperationStatusUpdateManagerTest" />
    <testcase name="Cleanup" status="run" time="0.018" classname="OperationStatusUpdateManagerTest" />
    <testcase name="RecoverCheckpointedStream" status="run" time="0.02" classname="OperationStatusUpdateManagerTest" />
    <testcase name="RecoverNotCheckpointedStream" status="run" time="0.002" classname="OperationStatusUpdateManagerTest" />
    <testcase name="RecoverEmptyFile" status="run" time="0.019" classname="OperationStatusUpdateManagerTest" />
    <testcase name="RecoverEmptyDirectory" status="run" time="0.019" classname="OperationStatusUpdateManagerTest" />
    <testcase name="RecoverTerminatedStream" status="run" time="0.034" classname="OperationStatusUpdateManagerTest" />
    <testcase name="IgnoreDuplicateUpdate" status="run" time="0.03" classname="OperationStatusUpdateManagerTest" />
    <testcase name="IgnoreDuplicateUpdateAfterRecover" status="run" time="0.034" classname="OperationStatusUpdateManagerTest" />
    <testcase name="RejectDuplicateAck" status="run" time="0.033" classname="OperationStatusUpdateManagerTest" />
    <testcase name="RejectDuplicateAckAfterRecover" status="run" time="0.031" classname="OperationStatusUpdateManagerTest" />
    <testcase name="NonStrictRecoveryCorruptedFile" status="run" time="0.019" classname="OperationStatusUpdateManagerTest" />
    <testcase name="StrictRecoveryCorruptedFile" status="run" time="0.019" classname="OperationStatusUpdateManagerTest" />
    <testcase name="UpdateLatestWhenResending" status="run" time="0.047" classname="OperationStatusUpdateManagerTest" />
  </testsuite>
  <testsuite name="PartitionTest" tests="18" failures="0" disabled="0" errors="0" time="10.886">
    <testcase name="PartitionedSlave" status="run" time="0.138" classname="PartitionTest" />
    <testcase name="ReregisterPartitionedAgentWithEnrouteTask" status="run" time="0.223" classname="PartitionTest" />
    <testcase name="ReregisterSlavePartitionAware" status="run" time="0.692" classname="PartitionTest" />
    <testcase name="ReregisterSlaveNotPartitionAware" status="run" time="0.684" classname="PartitionTest" />
    <testcase name="PartitionedSlaveReregistrationMasterFailover" status="run" time="1.22" classname="PartitionTest" />
    <testcase name="PartitionedSlaveOrphanedTask" status="run" time="0.63" classname="PartitionTest" />
    <testcase name="DisconnectedFramework" status="run" time="0.602" classname="PartitionTest" />
    <testcase name="SpuriousSlaveReregistration" status="run" time="0.491" classname="PartitionTest" />
    <testcase name="PartitionedSlaveStatusUpdates" status="run" time="0.164" classname="PartitionTest" />
    <testcase name="PartitionedSlaveExitedExecutor" status="run" time="0.145" classname="PartitionTest" />
    <testcase name="TaskCompletedOnPartitionedAgent" status="run" time="0.166" classname="PartitionTest" />
    <testcase name="PartitionAwareTaskCompletedOnPartitionedAgent" status="run" time="0.155" classname="PartitionTest" />
    <testcase name="AgentWithTerminalTaskPartitioned" status="run" time="0.624" classname="PartitionTest" />
    <testcase name="RegistryGcByCount" status="run" time="0.257" classname="PartitionTest" />
    <testcase name="RegistryGcByCountManySlaves" status="run" time="3.909" classname="PartitionTest" />
    <testcase name="RegistryGcByAge" status="run" time="0.24" classname="PartitionTest" />
    <testcase name="RegistryGcRace" status="run" time="0.362" classname="PartitionTest" />
    <testcase name="FailHealthChecksTwice" status="run" time="0.163" classname="PartitionTest" />
  </testsuite>
  <testsuite name="OneWayPartitionTest" tests="2" failures="0" disabled="0" errors="0" time="0.139">
    <testcase name="MasterToSlave" status="run" time="0.105" classname="OneWayPartitionTest" />
    <testcase name="MasterToScheduler" status="run" time="0.033" classname="OneWayPartitionTest" />
  </testsuite>
  <testsuite name="PathsTest" tests="11" failures="0" disabled="0" errors="0" time="0.005">
    <testcase name="CreateExecutorDirectory" status="run" time="0.001" classname="PathsTest" />
    <testcase name="ParseExecutorRunPath" status="run" time="0.001" classname="PathsTest" />
    <testcase name="Meta" status="run" time="0" classname="PathsTest" />
    <testcase name="ProvisionerDir" status="run" time="0.001" classname="PathsTest" />
    <testcase name="BootId" status="run" time="0" classname="PathsTest" />
    <testcase name="Slave" status="run" time="0" classname="PathsTest" />
    <testcase name="Framework" status="run" time="0" classname="PathsTest" />
    <testcase name="Executor" status="run" time="0" classname="PathsTest" />
    <testcase name="LibProcessPid" status="run" time="0" classname="PathsTest" />
    <testcase name="Task" status="run" time="0" classname="PathsTest" />
    <testcase name="PersistentVolume" status="run" time="0" classname="PathsTest" />
  </testsuite>
  <testsuite name="ProtobufIOTest" tests="3" failures="0" disabled="0" errors="0" time="0.158">
    <testcase name="Basic" status="run" time="0.157" classname="ProtobufIOTest" />
    <testcase name="Append" status="run" time="0.001" classname="ProtobufIOTest" />
    <testcase name="RepeatedPtrField" status="run" time="0" classname="ProtobufIOTest" />
  </testsuite>
  <testsuite name="RateLimitingTest" tests="6" failures="0" disabled="0" errors="0" time="0.691">
    <testcase name="NoRateLimiting" status="run" time="0.101" classname="RateLimitingTest" />
    <testcase name="RateLimitingEnabled" status="run" time="0.102" classname="RateLimitingTest" />
    <testcase name="DifferentPrincipalFrameworks" status="run" time="0.145" classname="RateLimitingTest" />
    <testcase name="SamePrincipalFrameworks" status="run" time="0.13" classname="RateLimitingTest" />
    <testcase name="SchedulerFailover" status="run" time="0.101" classname="RateLimitingTest" />
    <testcase name="CapacityReached" status="run" time="0.11" classname="RateLimitingTest" />
  </testsuite>
  <testsuite name="ResourceOffersTest" tests="5" failures="0" disabled="0" errors="0" time="0.668">
    <testcase name="ResourceOfferWithMultipleSlaves" status="run" time="0.301" classname="ResourceOffersTest" />
    <testcase name="ResourcesGetReofferedAfterFrameworkStops" status="run" time="0.117" classname="ResourceOffersTest" />
    <testcase name="ResourcesGetReofferedWhenUnused" status="run" time="0.109" classname="ResourceOffersTest" />
    <testcase name="ResourcesGetReofferedAfterTaskInfoError" status="run" time="0.1" classname="ResourceOffersTest" />
    <testcase name="Request" status="run" time="0.031" classname="ResourceOffersTest" />
  </testsuite>
  <testsuite name="ResourceProviderManagerHttpApiTest" tests="5" failures="0" disabled="0" errors="0" time="0.292">
    <testcase name="NoContentType" status="run" time="0.002" classname="ResourceProviderManagerHttpApiTest" />
    <testcase name="ValidJsonButInvalidProtobuf" status="run" time="0.002" classname="ResourceProviderManagerHttpApiTest" />
    <testcase name="ResourceProviderSubscribeDisconnect" status="run" time="0.136" classname="ResourceProviderManagerHttpApiTest" />
    <testcase name="Metrics" status="run" time="0.144" classname="ResourceProviderManagerHttpApiTest" />
    <testcase name="RemoveResourceProvider" status="run" time="0.007" classname="ResourceProviderManagerHttpApiTest" />
  </testsuite>
  <testsuite name="ResourceProviderRegistrarTest" tests="2" failures="0" disabled="0" errors="0" time="0.283">
    <testcase name="GenericRegistrar" status="run" time="0.135" classname="ResourceProviderRegistrarTest" />
    <testcase name="MasterRegistrar" status="run" time="0.148" classname="ResourceProviderRegistrarTest" />
  </testsuite>
  <testsuite name="ResourceProviderCallValidationTest" tests="3" failures="0" disabled="0" errors="0" time="0">
    <testcase name="Subscribe" status="run" time="0" classname="ResourceProviderCallValidationTest" />
    <testcase name="UpdateOperationStatus" status="run" time="0" classname="ResourceProviderCallValidationTest" />
    <testcase name="UpdateState" status="run" time="0" classname="ResourceProviderCallValidationTest" />
  </testsuite>
  <testsuite name="ResourcesTest" tests="55" failures="0" disabled="0" errors="0" time="0.379">
    <testcase name="Parsing" status="run" time="0.001" classname="ResourcesTest" />
    <testcase name="ParsingWithRoles" status="run" time="0.001" classname="ResourcesTest" />
    <testcase name="ParseError" status="run" time="0.001" classname="ResourcesTest" />
    <testcase name="ParsingFromJSON" status="run" time="0.002" classname="ResourcesTest" />
    <testcase name="ParsingFromJSONWithRoles" status="run" time="0.001" classname="ResourcesTest" />
    <testcase name="ParsingFromJSONError" status="run" time="0.002" classname="ResourcesTest" />
    <testcase name="Resources" status="run" time="0" classname="ResourcesTest" />
    <testcase name="MoveConstruction" status="run" time="0" classname="ResourcesTest" />
    <testcase name="Printing" status="run" time="0" classname="ResourcesTest" />
    <testcase name="PrintingExtendedAttributes" status="run" time="0.001" classname="ResourcesTest" />
    <testcase name="PrintingScalarPrecision" status="run" time="0" classname="ResourcesTest" />
    <testcase name="InitializedIsEmpty" status="run" time="0" classname="ResourcesTest" />
    <testcase name="BadResourcesNotAllocatable" status="run" time="0" classname="ResourcesTest" />
    <testcase name="ScalarEquals" status="run" time="0" classname="ResourcesTest" />
    <testcase name="ScalarSubset" status="run" time="0" classname="ResourcesTest" />
    <testcase name="ScalarSubset2" status="run" time="0" classname="ResourcesTest" />
    <testcase name="ScalarAddition" status="run" time="0" classname="ResourcesTest" />
    <testcase name="ScalarAddition2" status="run" time="0" classname="ResourcesTest" />
    <testcase name="ScalarSubtraction" status="run" time="0.001" classname="ResourcesTest" />
    <testcase name="ScalarSubtraction2" status="run" time="0" classname="ResourcesTest" />
    <testcase name="RangesEquals" status="run" time="0" classname="ResourcesTest" />
    <testcase name="RangesSubset" status="run" time="0" classname="ResourcesTest" />
    <testcase name="RangesAddition" status="run" time="0" classname="ResourcesTest" />
    <testcase name="RangesAddition2" status="run" time="0" classname="ResourcesTest" />
    <testcase name="RangesAddition3" status="run" time="0.001" classname="ResourcesTest" />
    <testcase name="RangesAddition4" status="run" time="0" classname="ResourcesTest" />
    <testcase name="RangesSubtraction" status="run" time="0" classname="ResourcesTest" />
    <testcase name="RangesSubtraction1" status="run" time="0" classname="ResourcesTest" />
    <testcase name="RangesSubtraction2" status="run" time="0.001" classname="ResourcesTest" />
    <testcase name="RangesSubtraction3" status="run" time="0" classname="ResourcesTest" />
    <testcase name="RangesSubtraction4" status="run" time="0" classname="ResourcesTest" />
    <testcase name="RangesSubtraction5" status="run" time="0.001" classname="ResourcesTest" />
    <testcase name="RangesSubtraction6" status="run" time="0" classname="ResourcesTest" />
    <testcase name="SetEquals" status="run" time="0" classname="ResourcesTest" />
    <testcase name="SetSubset" status="run" time="0" classname="ResourcesTest" />
    <testcase name="SetAddition" status="run" time="0.001" classname="ResourcesTest" />
    <testcase name="SetSubtraction" status="run" time="0" classname="ResourcesTest" />
    <testcase name="EmptyUnequal" status="run" time="0" classname="ResourcesTest" />
    <testcase name="Reservations" status="run" time="0.001" classname="ResourcesTest" />
    <testcase name="HierarchicalReservations" status="run" time="0.002" classname="ResourcesTest" />
    <testcase name="ToUnreserved" status="run" time="0" classname="ResourcesTest" />
    <testcase name="Find" status="run" time="0.004" classname="ResourcesTest" />
    <testcase name="Get" status="run" time="0.001" classname="ResourcesTest" />
    <testcase name="Names" status="run" time="0" classname="ResourcesTest" />
    <testcase name="Types" status="run" time="0.001" classname="ResourcesTest" />
    <testcase name="PrecisionSimple" status="run" time="0" classname="ResourcesTest" />
    <testcase name="PrecisionManyOps" status="run" time="0.082" classname="ResourcesTest" />
    <testcase name="PrecisionManyConsecutiveOps" status="run" time="0.269" classname="ResourcesTest" />
    <testcase name="PrecisionLost" status="run" time="0" classname="ResourcesTest" />
    <testcase name="PrecisionRounding" status="run" time="0.001" classname="ResourcesTest" />
    <testcase name="VerySmallValue" status="run" time="0" classname="ResourcesTest" />
    <testcase name="AbsentResources" status="run" time="0" classname="ResourcesTest" />
    <testcase name="isScalarQuantity" status="run" time="0.001" classname="ResourcesTest" />
    <testcase name="Count" status="run" time="0.001" classname="ResourcesTest" />
    <testcase name="Evolve" status="run" time="0.001" classname="ResourcesTest" />
  </testsuite>
  <testsuite name="ResourceProviderIDTest" tests="4" failures="0" disabled="0" errors="0" time="0.002">
    <testcase name="Addition" status="run" time="0.001" classname="ResourceProviderIDTest" />
    <testcase name="Subtraction" status="run" time="0" classname="ResourceProviderIDTest" />
    <testcase name="Equals" status="run" time="0.001" classname="ResourceProviderIDTest" />
    <testcase name="Contains" status="run" time="0" classname="ResourceProviderIDTest" />
  </testsuite>
  <testsuite name="ReservedResourcesTest" tests="8" failures="0" disabled="0" errors="0" time="0.005">
    <testcase name="Validation" status="run" time="0" classname="ReservedResourcesTest" />
    <testcase name="Equals" status="run" time="0.001" classname="ReservedResourcesTest" />
    <testcase name="AdditionStaticallyReserved" status="run" time="0.001" classname="ReservedResourcesTest" />
    <testcase name="AdditionDynamicallyReservedWithoutLabels" status="run" time="0" classname="ReservedResourcesTest" />
    <testcase name="AdditionDynamicallyReservedWithSameLabels" status="run" time="0.001" classname="ReservedResourcesTest" />
    <testcase name="AdditionDynamicallyReservedWithDistinctLabels" status="run" time="0" classname="ReservedResourcesTest" />
    <testcase name="Subtraction" status="run" time="0.001" classname="ReservedResourcesTest" />
    <testcase name="Contains" status="run" time="0" classname="ReservedResourcesTest" />
  </testsuite>
  <testsuite name="DiskResourcesTest" tests="10" failures="0" disabled="0" errors="0" time="0.007">
    <testcase name="Validation" status="run" time="0" classname="DiskResourcesTest" />
    <testcase name="Equals" status="run" time="0.001" classname="DiskResourcesTest" />
    <testcase name="DiskSourceEquals" status="run" time="0.001" classname="DiskResourcesTest" />
    <testcase name="Addition" status="run" time="0.001" classname="DiskResourcesTest" />
    <testcase name="DiskSourceAddition" status="run" time="0" classname="DiskResourcesTest" />
    <testcase name="Subtraction" status="run" time="0.001" classname="DiskResourcesTest" />
    <testcase name="DiskSourceSubtraction" status="run" time="0.001" classname="DiskResourcesTest" />
    <testcase name="Contains" status="run" time="0" classname="DiskResourcesTest" />
    <testcase name="SourceContains" status="run" time="0.001" classname="DiskResourcesTest" />
    <testcase name="FilterPersistentVolumes" status="run" time="0.001" classname="DiskResourcesTest" />
  </testsuite>
  <testsuite name="ResourcesOperationTest" tests="12" failures="0" disabled="0" errors="0" time="0.007">
    <testcase name="ReserveResources" status="run" time="0" classname="ResourcesOperationTest" />
    <testcase name="UnreserveResources" status="run" time="0.001" classname="ResourcesOperationTest" />
    <testcase name="CreatePersistentVolume" status="run" time="0.001" classname="ResourcesOperationTest" />
    <testcase name="StrippedResourcesVolume" status="run" time="0" classname="ResourcesOperationTest" />
    <testcase name="StrippedResourcesAllocated" status="run" time="0.001" classname="ResourcesOperationTest" />
    <testcase name="StrippedResourcesReserved" status="run" time="0" classname="ResourcesOperationTest" />
    <testcase name="StrippedResourcesResourceProvider" status="run" time="0" classname="ResourcesOperationTest" />
    <testcase name="StrippedResourcesNonScalar" status="run" time="0" classname="ResourcesOperationTest" />
    <testcase name="CreatePersistentVolumeFromMount" status="run" time="0.001" classname="ResourcesOperationTest" />
    <testcase name="CreateSharedPersistentVolume" status="run" time="0.002" classname="ResourcesOperationTest" />
    <testcase name="DestroySharedPersistentVolumeMultipleCopies" status="run" time="0" classname="ResourcesOperationTest" />
    <testcase name="FlattenResources" status="run" time="0.001" classname="ResourcesOperationTest" />
  </testsuite>
  <testsuite name="ResourceOperationTest" tests="1" failures="0" disabled="0" errors="0" time="0">
    <testcase name="StrippedResourcesRevocable" status="run" time="0" classname="ResourceOperationTest" />
  </testsuite>
  <testsuite name="RevocableResourceTest" tests="6" failures="0" disabled="0" errors="0" time="0.002">
    <testcase name="Equals" status="run" time="0" classname="RevocableResourceTest" />
    <testcase name="Addition" status="run" time="0.001" classname="RevocableResourceTest" />
    <testcase name="Subtraction" status="run" time="0" classname="RevocableResourceTest" />
    <testcase name="Contains" status="run" time="0" classname="RevocableResourceTest" />
    <testcase name="Filter" status="run" time="0.001" classname="RevocableResourceTest" />
    <testcase name="Find" status="run" time="0" classname="RevocableResourceTest" />
  </testsuite>
  <testsuite name="ResourceFormatTest" tests="6" failures="0" disabled="0" errors="0" time="0.002">
    <testcase name="PreReservationRefinement" status="run" time="0" classname="ResourceFormatTest" />
    <testcase name="PostReservationRefinement" status="run" time="0.001" classname="ResourceFormatTest" />
    <testcase name="Endpoint" status="run" time="0" classname="ResourceFormatTest" />
    <testcase name="DowngradeWithoutResources" status="run" time="0" classname="ResourceFormatTest" />
    <testcase name="DowngradeWithResourcesWithoutRefinedReservations" status="run" time="0" classname="ResourceFormatTest" />
    <testcase name="DowngradeWithResourcesWithRefinedReservations" status="run" time="0.001" classname="ResourceFormatTest" />
  </testsuite>
  <testsuite name="SharedResourcesTest" tests="7" failures="0" disabled="0" errors="0" time="0.005">
    <testcase name="Printing" status="run" time="0" classname="SharedResourcesTest" />
    <testcase name="ScalarAdditionShared" status="run" time="0.001" classname="SharedResourcesTest" />
    <testcase name="ScalarSubtractionShared" status="run" time="0.001" classname="SharedResourcesTest" />
    <testcase name="ScalarSharedCompoundExpressions" status="run" time="0.001" classname="SharedResourcesTest" />
    <testcase name="ScalarNonEqualSharedOperations" status="run" time="0.001" classname="SharedResourcesTest" />
    <testcase name="ScalarSharedAndNonSharedOperations" status="run" time="0.001" classname="SharedResourcesTest" />
    <testcase name="Filter" status="run" time="0" classname="SharedResourcesTest" />
  </testsuite>
  <testsuite name="AllocatedResourcesTest" tests="5" failures="0" disabled="0" errors="0" time="0.002">
    <testcase name="Equality" status="run" time="0.001" classname="AllocatedResourcesTest" />
    <testcase name="Contains" status="run" time="0" classname="AllocatedResourcesTest" />
    <testcase name="Addition" status="run" time="0" classname="AllocatedResourcesTest" />
    <testcase name="Subtraction" status="run" time="0" classname="AllocatedResourcesTest" />
    <testcase name="Allocations" status="run" time="0.001" classname="AllocatedResourcesTest" />
  </testsuite>
  <testsuite name="RoleTest" tests="14" failures="0" disabled="0" errors="0" time="1.879">
    <testcase name="BadRegister" status="run" time="0.029" classname="RoleTest" />
    <testcase name="ImplicitRoleRegister" status="run" time="0.184" classname="RoleTest" />
    <testcase name="ImplicitRoleStaticReservation" status="run" time="0.107" classname="RoleTest" />
    <testcase name="EndpointEmpty" status="run" time="0.023" classname="RoleTest" />
    <testcase name="EndpointNoFrameworks" status="run" time="0.026" classname="RoleTest" />
    <testcase name="RolesEndpointContainsQuota" status="run" time="0.029" classname="RoleTest" />
    <testcase name="EndpointImplicitRolesWeights" status="run" time="0.045" classname="RoleTest" />
    <testcase name="EndpointImplicitRolesQuotas" status="run" time="0.042" classname="RoleTest" />
    <testcase name="AddAndRemoveFrameworkWithMultipleRoles" status="run" time="0.055" classname="RoleTest" />
    <testcase name="Parsing" status="run" time="0" classname="RoleTest" />
    <testcase name="Validate" status="run" time="0.001" classname="RoleTest" />
    <testcase name="isStrictSubroleOf" status="run" time="0" classname="RoleTest" />
    <testcase name="EndpointBadAuthentication" status="run" time="0.024" classname="RoleTest" />
    <testcase name="VolumesInOverlappingHierarchies" status="run" time="1.306" classname="RoleTest" />
  </testsuite>
  <testsuite name="MesosSchedulerDriverTest" tests="6" failures="0" disabled="0" errors="0" time="0.447">
    <testcase name="RegistrationWithZeroFailoverTime" status="run" time="0.03" classname="MesosSchedulerDriverTest" />
    <testcase name="MetricsEndpoint" status="run" time="0.046" classname="MesosSchedulerDriverTest" />
    <testcase name="DropAckIfStopCalledBeforeAbort" status="run" time="0.101" classname="MesosSchedulerDriverTest" />
    <testcase name="ExplicitAcknowledgements" status="run" time="0.111" classname="MesosSchedulerDriverTest" />
    <testcase name="ExplicitAcknowledgementsMasterGeneratedUpdate" status="run" time="0.119" classname="MesosSchedulerDriverTest" />
    <testcase name="ExplicitAcknowledgementsUnsetSlaveID" status="run" time="0.036" classname="MesosSchedulerDriverTest" />
  </testsuite>
  <testsuite name="SchedulerDriverEventTest" tests="10" failures="0" disabled="0" errors="0" time="0.422">
    <testcase name="Subscribed" status="run" time="0.028" classname="SchedulerDriverEventTest" />
    <testcase name="SubscribedDisconnection" status="run" time="0.032" classname="SchedulerDriverEventTest" />
    <testcase name="SubscribedMasterFailover" status="run" time="0.058" classname="SchedulerDriverEventTest" />
    <testcase name="SubscribedSchedulerFailover" status="run" time="0.037" classname="SchedulerDriverEventTest" />
    <testcase name="Offers" status="run" time="0.116" classname="SchedulerDriverEventTest" />
    <testcase name="Rescind" status="run" time="0.034" classname="SchedulerDriverEventTest" />
[...]
    <testcase name="TeardownWrongStreamId/1" value_param="&quot;application/json&quot;" status="run" time="0.039" classname="ContentType/SchedulerHttpApiTest" />
    <testcase name="MalformedUUID/0" value_param="&quot;application/x-protobuf&quot;" status="run" time="0.031" classname="ContentType/SchedulerHttpApiTest" />
    <testcase name="MalformedUUID/1" value_param="&quot;application/json&quot;" status="run" time="0.028" classname="ContentType/SchedulerHttpApiTest" />
  </testsuite>
  <testsuite name="ContentType/SchedulerTest" tests="38" failures="0" disabled="0" errors="0" time="5.812">
    <testcase name="Subscribe/0" value_param="application/x-protobuf" status="run" time="0.038" classname="ContentType/SchedulerTest" />
    <testcase name="Subscribe/1" value_param="application/json" status="run" time="0.035" classname="ContentType/SchedulerTest" />
    <testcase name="SchedulerFailover/0" value_param="application/x-protobuf" status="run" time="0.054" classname="ContentType/SchedulerTest" />
    <testcase name="SchedulerFailover/1" value_param="application/json" status="run" time="0.052" classname="ContentType/SchedulerTest" />
    <testcase name="MasterFailover/0" value_param="application/x-protobuf" status="run" time="0.065" classname="ContentType/SchedulerTest" />
    <testcase name="MasterFailover/1" value_param="application/json" status="run" time="0.072" classname="ContentType/SchedulerTest" />
    <testcase name="MetricsEndpoint/0" value_param="application/x-protobuf" status="run" time="0.049" classname="ContentType/SchedulerTest" />
    <testcase name="MetricsEndpoint/1" value_param="application/json" status="run" time="0.057" classname="ContentType/SchedulerTest" />
    <testcase name="TaskRunning/0" value_param="application/x-protobuf" status="run" time="0.106" classname="ContentType/SchedulerTest" />
    <testcase name="TaskRunning/1" value_param="application/json" status="run" time="0.103" classname="ContentType/SchedulerTest" />
    <testcase name="TaskGroupRunning/0" value_param="application/x-protobuf" status="run" time="0.752" classname="ContentType/SchedulerTest" />
    <testcase name="TaskGroupRunning/1" value_param="application/json" status="run" time="0.812" classname="ContentType/SchedulerTest" />
    <testcase name="ReconcileTask/0" value_param="application/x-protobuf" status="run" time="0.15" classname="ContentType/SchedulerTest" />
    <testcase name="ReconcileTask/1" value_param="application/json" status="run" time="0.148" classname="ContentType/SchedulerTest" />
    <testcase name="KillTask/0" value_param="application/x-protobuf" status="run" time="0.2" classname="ContentType/SchedulerTest" />
    <testcase name="KillTask/1" value_param="application/json" status="run" time="0.196" classname="ContentType/SchedulerTest" />
    <testcase name="OperationFeedbackValidationWithResourceProviderCapability/0" value_param="application/x-protobuf" status="run" time="0.123" classname="ContentType/SchedulerTest" />
    <testcase name="OperationFeedbackValidationWithResourceProviderCapability/1" value_param="application/json" status="run" time="0.119" classname="ContentType/SchedulerTest" />
    <testcase name="OperationFeedbackValidationNoResourceProviderCapability/0" value_param="application/x-protobuf" status="run" time="0.123" classname="ContentType/SchedulerTest" />
    <testcase name="OperationFeedbackValidationNoResourceProviderCapability/1" value_param="application/json" status="run" time="0.122" classname="ContentType/SchedulerTest" />
    <testcase name="ShutdownExecutor/0" value_param="application/x-protobuf" status="run" time="0.147" classname="ContentType/SchedulerTest" />
    <testcase name="ShutdownExecutor/1" value_param="application/json" status="run" time="0.156" classname="ContentType/SchedulerTest" />
    <testcase name="Decline/0" value_param="application/x-protobuf" status="run" time="0.101" classname="ContentType/SchedulerTest" />
    <testcase name="Decline/1" value_param="application/json" status="run" time="0.108" classname="ContentType/SchedulerTest" />
    <testcase name="Revive/0" value_param="application/x-protobuf" status="run" time="0.157" classname="ContentType/SchedulerTest" />
    <testcase name="Revive/1" value_param="application/json" status="run" time="0.163" classname="ContentType/SchedulerTest" />
    <testcase name="Suppress/0" value_param="application/x-protobuf" status="run" time="0.263" classname="ContentType/SchedulerTest" />
    <testcase name="Suppress/1" value_param="application/json" status="run" time="0.265" classname="ContentType/SchedulerTest" />
    <testcase name="NoOffersWithAllRolesSuppressed/0" value_param="application/x-protobuf" status="run" time="0.132" classname="ContentType/SchedulerTest" />
    <testcase name="NoOffersWithAllRolesSuppressed/1" value_param="application/json" status="run" time="0.14" classname="ContentType/SchedulerTest" />
    <testcase name="NoOffersOnReregistrationWithAllRolesSuppressed/0" value_param="application/x-protobuf" status="run" time="0.164" classname="ContentType/SchedulerTest" />
    <testcase name="NoOffersOnReregistrationWithAllRolesSuppressed/1" value_param="application/json" status="run" time="0.164" classname="ContentType/SchedulerTest" />
    <testcase name="Message/0" value_param="application/x-protobuf" status="run" time="0.139" classname="ContentType/SchedulerTest" />
    <testcase name="Message/1" value_param="application/json" status="run" time="0.147" classname="ContentType/SchedulerTest" />
    <testcase name="Request/0" value_param="application/x-protobuf" status="run" time="0.047" classname="ContentType/SchedulerTest" />
    <testcase name="Request/1" value_param="application/json" status="run" time="0.043" classname="ContentType/SchedulerTest" />
    <testcase name="SchedulerReconnect/0" value_param="application/x-protobuf" status="run" time="0.036" classname="ContentType/SchedulerTest" />
    <testcase name="SchedulerReconnect/1" value_param="application/json" status="run" time="0.031" classname="ContentType/SchedulerTest" />
  </testsuite>
  <testsuite name="ContentTypeAndSSLConfig/SchedulerSSLTest" tests="2" failures="0" disabled="0" errors="0" time="0.3">
    <testcase name="RunTaskAndTeardown/0" value_param="(application/x-protobuf, &quot;http&quot;)" status="run" time="0.143" classname="ContentTypeAndSSLConfig/SchedulerSSLTest" />
    <testcase name="RunTaskAndTeardown/1" value_param="(application/json, &quot;http&quot;)" status="run" time="0.154" classname="ContentTypeAndSSLConfig/SchedulerSSLTest" />
  </testsuite>
  <testsuite name="Endpoint/SlaveEndpointTest" tests="6" failures="0" disabled="0" errors="0" time="0.23">
    <testcase name="AuthorizedRequest/0" value_param="&quot;monitor/statistics&quot;" status="run" time="0.04" classname="Endpoint/SlaveEndpointTest" />
    <testcase name="AuthorizedRequest/1" value_param="&quot;containers&quot;" status="run" time="0.042" classname="Endpoint/SlaveEndpointTest" />
    <testcase name="UnauthorizedRequest/0" value_param="&quot;monitor/statistics&quot;" status="run" time="0.038" classname="Endpoint/SlaveEndpointTest" />
    <testcase name="UnauthorizedRequest/1" value_param="&quot;containers&quot;" status="run" time="0.032" classname="Endpoint/SlaveEndpointTest" />
    <testcase name="NoAuthorizer/0" value_param="&quot;monitor/statistics&quot;" status="run" time="0.036" classname="Endpoint/SlaveEndpointTest" />
    <testcase name="NoAuthorizer/1" value_param="&quot;containers&quot;" status="run" time="0.039" classname="Endpoint/SlaveEndpointTest" />
  </testsuite>
  <testsuite name="ContainerizerType/DefaultContainerDNSFlagTest" tests="2" failures="0" disabled="0" errors="0" time="0.015">
    <testcase name="ValidateFlag/0" value_param="&quot;mesos&quot;" status="run" time="0.005" classname="ContainerizerType/DefaultContainerDNSFlagTest" />
    <testcase name="ValidateFlag/1" value_param="&quot;docker&quot;" status="run" time="0.01" classname="ContainerizerType/DefaultContainerDNSFlagTest" />
  </testsuite>
  <testsuite name="bool/MasterTestPrePostReservationRefinement" tests="12" failures="0" disabled="0" errors="0" time="2.364">
    <testcase name="LaunchTask/0" value_param="true" status="run" time="0.107" classname="bool/MasterTestPrePostReservationRefinement" />
    <testcase name="LaunchTask/1" value_param="false" status="run" time="0.11" classname="bool/MasterTestPrePostReservationRefinement" />
    <testcase name="LaunchGroup/0" value_param="true" status="run" time="0.621" classname="bool/MasterTestPrePostReservationRefinement" />
    <testcase name="LaunchGroup/1" value_param="false" status="run" time="0.606" classname="bool/MasterTestPrePostReservationRefinement" />
    <testcase name="ReserveCreateLaunchDestroyUnreserve/0" value_param="true" status="run" time="0.139" classname="bool/MasterTestPrePostReservationRefinement" />
    <testcase name="ReserveCreateLaunchDestroyUnreserve/1" value_param="false" status="run" time="0.132" classname="bool/MasterTestPrePostReservationRefinement" />
    <testcase name="StateEndpointPendingTasks/0" value_param="true" status="run" time="0.111" classname="bool/MasterTestPrePostReservationRefinement" />
    <testcase name="StateEndpointPendingTasks/1" value_param="false" status="run" time="0.1" classname="bool/MasterTestPrePostReservationRefinement" />
    <testcase name="ReserveAndUnreserveResourcesV1/0" value_param="true" status="run" time="0.105" classname="bool/MasterTestPrePostReservationRefinement" />
    <testcase name="ReserveAndUnreserveResourcesV1/1" value_param="false" status="run" time="0.105" classname="bool/MasterTestPrePostReservationRefinement" />
    <testcase name="CreateAndDestroyVolumesV1/0" value_param="true" status="run" time="0.112" classname="bool/MasterTestPrePostReservationRefinement" />
    <testcase name="CreateAndDestroyVolumesV1/1" value_param="false" status="run" time="0.105" classname="bool/MasterTestPrePostReservationRefinement" />
  </testsuite>
  <testsuite name="DiskResource/PersistentVolumeTest" tests="46" failures="0" disabled="0" errors="0" time="18.06">
    <testcase name="CreateAndDestroyPersistentVolumes/0" value_param="0" status="run" time="0.134" classname="DiskResource/PersistentVolumeTest" />
    <testcase name="CreateAndDestroyPersistentVolumes/1" value_param="1" status="run" time="0.141" classname="DiskResource/PersistentVolumeTest" />
    <testcase name="GrowVolume/0" value_param="0" status="run" time="0.702" classname="DiskResource/PersistentVolumeTest" />
    <testcase name="GrowVolume/1" value_param="1" status="run" time="0.722" classname="DiskResource/PersistentVolumeTest" />
    <testcase name="ShrinkVolume/0" value_param="0" status="run" time="0.706" classname="DiskResource/PersistentVolumeTest" />
    <testcase name="ShrinkVolume/1" value_param="1" status="run" time="0.724" classname="DiskResource/PersistentVolumeTest" />
    <testcase name="NonSpeculativeGrowAndLaunch/0" value_param="0" status="run" time="0.142" classname="DiskResource/PersistentVolumeTest" />
    <testcase name="NonSpeculativeGrowAndLaunch/1" value_param="1" status="run" time="0.123" classname="DiskResource/PersistentVolumeTest" />
    <testcase name="NonSpeculativeShrinkAndLaunch/0" value_param="0" status="run" time="0.13" classname="DiskResource/PersistentVolumeTest" />
    <testcase name="NonSpeculativeShrinkAndLaunch/1" value_param="1" status="run" time="0.134" classname="DiskResource/PersistentVolumeTest" />
    <testcase name="GoodACLGrowThenShrink/0" value_param="0" status="run" time="0.127" classname="DiskResource/PersistentVolumeTest" />
    <testcase name="GoodACLGrowThenShrink/1" value_param="1" status="run" time="0.135" classname="DiskResource/PersistentVolumeTest" />
    <testcase name="BadACLDropGrowAndShrink/0" value_param="0" status="run" time="0.155" classname="DiskResource/PersistentVolumeTest" />
    <testcase name="BadACLDropGrowAndShrink/1" value_param="1" status="run" time="0.165" classname="DiskResource/PersistentVolumeTest" />
    <testcase name="ResourcesCheckpointing/0" value_param="0" status="run" time="0.161" classname="DiskResource/PersistentVolumeTest" />
    <testcase name="ResourcesCheckpointing/1" value_param="1" status="run" time="0.163" classname="DiskResource/PersistentVolumeTest" />
    <testcase name="PreparePersistentVolume/0" value_param="0" status="run" time="0.112" classname="DiskResource/PersistentVolumeTest" />
    <testcase name="PreparePersistentVolume/1" value_param="1" status="run" time="0.115" classname="DiskResource/PersistentVolumeTest" />
    <testcase name="MasterFailover/0" value_param="0" status="run" time="0.138" classname="DiskResource/PersistentVolumeTest" />
    <testcase name="MasterFailover/1" value_param="1" status="run" time="0.142" classname="DiskResource/PersistentVolumeTest" />
    <testcase name="IncompatibleCheckpointedResources/0" value_param="0" status="run" time="0.12" classname="DiskResource/PersistentVolumeTest" />
    <testcase name="IncompatibleCheckpointedResources/1" value_param="1" status="run" time="0.131" classname="DiskResource/PersistentVolumeTest" />
    <testcase name="AccessPersistentVolume/0" value_param="0" status="run" time="0.671" classname="DiskResource/PersistentVolumeTest" />
    <testcase name="AccessPersistentVolume/1" value_param="1" status="run" time="0.734" classname="DiskResource/PersistentVolumeTest" />
    <testcase name="SharedPersistentVolumeMultipleTasks/0" value_param="0" status="run" time="0.701" classname="DiskResource/PersistentVolumeTest" />
    <testcase name="SharedPersistentVolumeMultipleTasks/1" value_param="1" status="run" time="0.807" classname="DiskResource/PersistentVolumeTest" />
    <testcase name="SharedPersistentVolumeRescindOnDestroy/0" value_param="0" status="run" time="0.282" classname="DiskResource/PersistentVolumeTest" />
    <testcase name="SharedPersistentVolumeRescindOnDestroy/1" value_param="1" status="run" time="0.307" classname="DiskResource/PersistentVolumeTest" />
    <testcase name="SharedPersistentVolumeMultipleFrameworks/0" value_param="0" status="run" time="0.969" classname="DiskResource/PersistentVolumeTest" />
    <testcase name="SharedPersistentVolumeMultipleFrameworks/1" value_param="1" status="run" time="0.994" classname="DiskResource/PersistentVolumeTest" />
    <testcase name="SharedPersistentVolumeMasterFailover/0" value_param="0" status="run" time="0.901" classname="DiskResource/PersistentVolumeTest" />
    <testcase name="SharedPersistentVolumeMasterFailover/1" value_param="1" status="run" time="0.91" classname="DiskResource/PersistentVolumeTest" />
    <testcase name="DestroyPersistentVolumeMultipleTasks/0" value_param="0" status="run" time="0.888" classname="DiskResource/PersistentVolumeTest" />
    <testcase name="DestroyPersistentVolumeMultipleTasks/1" value_param="1" status="run" time="0.905" classname="DiskResource/PersistentVolumeTest" />
    <testcase name="SharedPersistentVolumeMultipleIterations/0" value_param="0" status="run" time="0.418" classname="DiskResource/PersistentVolumeTest" />
    <testcase name="SharedPersistentVolumeMultipleIterations/1" value_param="1" status="run" time="0.414" classname="DiskResource/PersistentVolumeTest" />
    <testcase name="SlaveRecovery/0" value_param="0" status="run" time="0.713" classname="DiskResource/PersistentVolumeTest" />
    <testcase name="SlaveRecovery/1" value_param="1" status="run" time="0.753" classname="DiskResource/PersistentVolumeTest" />
    <testcase name="GoodACLCreateThenDestroy/0" value_param="0" status="run" time="0.146" classname="DiskResource/PersistentVolumeTest" />
    <testcase name="GoodACLCreateThenDestroy/1" value_param="1" status="run" time="0.157" classname="DiskResource/PersistentVolumeTest" />
    <testcase name="GoodACLNoPrincipal/0" value_param="0" status="run" time="0.144" classname="DiskResource/PersistentVolumeTest" />
    <testcase name="GoodACLNoPrincipal/1" value_param="1" status="run" time="0.152" classname="DiskResource/PersistentVolumeTest" />
    <testcase name="BadACLNoPrincipal/0" value_param="0" status="run" time="0.179" classname="DiskResource/PersistentVolumeTest" />
    <testcase name="BadACLNoPrincipal/1" value_param="1" status="run" time="0.178" classname="DiskResource/PersistentVolumeTest" />
    <testcase name="BadACLDropCreateAndDestroy/0" value_param="0" status="run" time="0.171" classname="DiskResource/PersistentVolumeTest" />
    <testcase name="BadACLDropCreateAndDestroy/1" value_param="1" status="run" time="0.181" classname="DiskResource/PersistentVolumeTest" />
  </testsuite>
  <testsuite name="ContentType/AgentResourceProviderConfigApiTest" tests="20" failures="0" disabled="0" errors="0" time="8.442">
    <testcase name="Add/0" value_param="application/x-protobuf" status="run" time="0.612" classname="ContentType/AgentResourceProviderConfigApiTest" />
    <testcase name="Add/1" value_param="application/json" status="run" time="0.602" classname="ContentType/AgentResourceProviderConfigApiTest" />
    <testcase name="IdempotentAdd/0" value_param="application/x-protobuf" status="run" time="0.519" classname="ContentType/AgentResourceProviderConfigApiTest" />
    <testcase name="IdempotentAdd/1" value_param="application/json" status="run" time="0.527" classname="ContentType/AgentResourceProviderConfigApiTest" />
    <testcase name="AddConflict/0" value_param="application/x-protobuf" status="run" time="0.112" classname="ContentType/AgentResourceProviderConfigApiTest" />
    <testcase name="AddConflict/1" value_param="application/json" status="run" time="0.115" classname="ContentType/AgentResourceProviderConfigApiTest" />
    <testcase name="AddInvalid/0" value_param="application/x-protobuf" status="run" time="0.112" classname="ContentType/AgentResourceProviderConfigApiTest" />
    <testcase name="AddInvalid/1" value_param="application/json" status="run" time="0.117" classname="ContentType/AgentResourceProviderConfigApiTest" />
    <testcase name="Update/0" value_param="application/x-protobuf" status="run" time="0.945" classname="ContentType/AgentResourceProviderConfigApiTest" />
    <testcase name="Update/1" value_param="application/json" status="run" time="1.012" classname="ContentType/AgentResourceProviderConfigApiTest" />
    <testcase name="IdempotentUpdate/0" value_param="application/x-protobuf" status="run" time="0.531" classname="ContentType/AgentResourceProviderConfigApiTest" />
    <testcase name="IdempotentUpdate/1" value_param="application/json" status="run" time="0.536" classname="ContentType/AgentResourceProviderConfigApiTest" />
    <testcase name="UpdateNotFound/0" value_param="application/x-protobuf" status="run" time="0.11" classname="ContentType/AgentResourceProviderConfigApiTest" />
    <testcase name="UpdateNotFound/1" value_param="application/json" status="run" time="0.111" classname="ContentType/AgentResourceProviderConfigApiTest" />
    <testcase name="UpdateInvalid/0" value_param="application/x-protobuf" status="run" time="0.586" classname="ContentType/AgentResourceProviderConfigApiTest" />
    <testcase name="UpdateInvalid/1" value_param="application/json" status="run" time="0.604" classname="ContentType/AgentResourceProviderConfigApiTest" />
    <testcase name="Remove/0" value_param="application/x-protobuf" status="run" time="0.554" classname="ContentType/AgentResourceProviderConfigApiTest" />
    <testcase name="Remove/1" value_param="application/json" status="run" time="0.499" classname="ContentType/AgentResourceProviderConfigApiTest" />
    <testcase name="IdempotentRemove/0" value_param="application/x-protobuf" status="run" time="0.109" classname="ContentType/AgentResourceProviderConfigApiTest" />
    <testcase name="IdempotentRemove/1" value_param="application/json" status="run" time="0.102" classname="ContentType/AgentResourceProviderConfigApiTest" />
  </testsuite>
</testsuites>
